2025-03-20 13:16:00,898 - INFO - 目标vhost /xty 声明队列成功: goods
2025-03-20 13:16:00,950 - INFO - 目标vhost /xty 声明队列成功: item
2025-03-20 13:16:00,989 - INFO - 目标vhost /xty 声明队列成功: node
2025-03-20 13:16:01,021 - INFO - 目标vhost /xty 声明队列成功: page
2025-03-20 13:16:01,103 - INFO - 目标vhost /xty 声明队列成功: post
2025-03-20 13:16:01,140 - INFO - 目标vhost /xty 声明队列成功: ransom
2025-03-20 13:16:01,199 - INFO - 目标vhost /xty 声明队列成功: site
2025-03-20 13:16:01,240 - INFO - 目标vhost /xty 声明队列成功: tg_queue_channel
2025-03-20 13:16:01,293 - INFO - 目标vhost /xty 声明队列成功: tg_queue_msg
2025-03-20 13:16:01,332 - INFO - 目标vhost /xty 声明队列成功: tg_queue_relation
2025-03-20 13:16:01,375 - INFO - 目标vhost /xty 声明队列成功: tg_queue_users
2025-03-20 13:16:01,435 - INFO - 目标vhost /xty 声明队列成功: user
2025-03-20 13:16:01,435 - INFO - 目标VirtualHost连接成功: /xty
2025-03-20 13:16:01,839 - INFO - 目标vhost /nanShaGA 声明队列成功: goods
2025-03-20 13:16:01,891 - INFO - 目标vhost /nanShaGA 声明队列成功: item
2025-03-20 13:16:01,925 - INFO - 目标vhost /nanShaGA 声明队列成功: node
2025-03-20 13:16:01,986 - INFO - 目标vhost /nanShaGA 声明队列成功: page
2025-03-20 13:16:02,040 - INFO - 目标vhost /nanShaGA 声明队列成功: post
2025-03-20 13:16:02,085 - INFO - 目标vhost /nanShaGA 声明队列成功: ransom
2025-03-20 13:16:02,149 - INFO - 目标vhost /nanShaGA 声明队列成功: site
2025-03-20 13:16:02,200 - INFO - 目标vhost /nanShaGA 声明队列成功: tg_queue_channel
2025-03-20 13:16:02,253 - INFO - 目标vhost /nanShaGA 声明队列成功: tg_queue_msg
2025-03-20 13:16:02,311 - INFO - 目标vhost /nanShaGA 声明队列成功: tg_queue_relation
2025-03-20 13:16:02,369 - INFO - 目标vhost /nanShaGA 声明队列成功: tg_queue_users
2025-03-20 13:16:02,423 - INFO - 目标vhost /nanShaGA 声明队列成功: user
2025-03-20 13:16:02,423 - INFO - 目标VirtualHost连接成功: /nanShaGA
2025-03-20 13:16:02,793 - INFO - 目标vhost /gzhu 声明队列成功: goods
2025-03-20 13:16:02,827 - INFO - 目标vhost /gzhu 声明队列成功: item
2025-03-20 13:16:02,877 - INFO - 目标vhost /gzhu 声明队列成功: node
2025-03-20 13:16:02,927 - INFO - 目标vhost /gzhu 声明队列成功: page
2025-03-20 13:16:02,959 - INFO - 目标vhost /gzhu 声明队列成功: post
2025-03-20 13:16:02,999 - INFO - 目标vhost /gzhu 声明队列成功: ransom
2025-03-20 13:16:03,047 - INFO - 目标vhost /gzhu 声明队列成功: site
2025-03-20 13:16:03,112 - INFO - 目标vhost /gzhu 声明队列成功: tg_queue_channel
2025-03-20 13:16:03,168 - INFO - 目标vhost /gzhu 声明队列成功: tg_queue_msg
2025-03-20 13:16:03,216 - INFO - 目标vhost /gzhu 声明队列成功: tg_queue_relation
2025-03-20 13:16:03,279 - INFO - 目标vhost /gzhu 声明队列成功: tg_queue_users
2025-03-20 13:16:03,328 - INFO - 目标vhost /gzhu 声明队列成功: user
2025-03-20 13:16:03,328 - INFO - 目标VirtualHost连接成功: /gzhu
2025-03-20 13:16:03,625 - INFO - 目标vhost / 声明队列成功: goods
2025-03-20 13:16:03,662 - INFO - 目标vhost / 声明队列成功: item
2025-03-20 13:16:03,707 - INFO - 目标vhost / 声明队列成功: node
2025-03-20 13:16:03,759 - INFO - 目标vhost / 声明队列成功: page
2025-03-20 13:16:03,808 - INFO - 目标vhost / 声明队列成功: post
2025-03-20 13:16:03,840 - INFO - 目标vhost / 声明队列成功: ransom
2025-03-20 13:16:03,881 - INFO - 目标vhost / 声明队列成功: site
2025-03-20 13:16:03,934 - INFO - 目标vhost / 声明队列成功: tg_queue_channel
2025-03-20 13:16:04,010 - INFO - 目标vhost / 声明队列成功: tg_queue_msg
2025-03-20 13:16:04,069 - INFO - 目标vhost / 声明队列成功: tg_queue_relation
2025-03-20 13:16:04,123 - INFO - 目标vhost / 声明队列成功: tg_queue_users
2025-03-20 13:16:04,177 - INFO - 目标vhost / 声明队列成功: user
2025-03-20 13:16:04,177 - INFO - 目标VirtualHost连接成功: /
2025-03-20 13:16:04,557 - INFO - 队列注册成功: goods
2025-03-20 13:16:04,863 - INFO - 队列注册成功: item
2025-03-20 13:16:04,963 - INFO - 队列注册成功: node
2025-03-20 13:16:05,033 - INFO - 队列注册成功: page
2025-03-20 13:16:05,370 - INFO - 队列注册成功: post
2025-03-20 13:16:05,535 - INFO - 队列注册成功: ransom
2025-03-20 13:16:05,609 - INFO - 队列注册成功: site
2025-03-20 13:16:05,729 - INFO - 队列注册成功: tg_queue_channel
2025-03-20 13:16:05,836 - INFO - 队列注册成功: tg_queue_msg
2025-03-20 13:16:05,936 - INFO - 队列注册成功: tg_queue_relation
2025-03-20 13:16:06,048 - INFO - 队列注册成功: tg_queue_users
2025-03-20 13:16:06,151 - INFO - 队列注册成功: user
2025-03-20 13:16:06,151 - INFO - 开始监听消息...
2025-03-20 13:20:09,529 - ERROR - 源服务器连接异常: Stream connection lost: ConnectionResetError(10054, '远程主机强迫关闭了一个现有的连接。', None, 10054, None)
2025-03-20 13:20:09,529 - WARNING - 5秒后尝试重新连接...
2025-03-20 13:20:14,895 - INFO - 队列注册成功: goods
2025-03-20 13:20:14,999 - INFO - 队列注册成功: item
2025-03-20 13:20:15,111 - INFO - 队列注册成功: node
2025-03-20 13:20:15,215 - INFO - 队列注册成功: page
2025-03-20 13:20:35,083 - INFO - 队列注册成功: post
2025-03-20 13:20:35,587 - INFO - 队列注册成功: ransom
2025-03-20 13:20:35,780 - INFO - 队列注册成功: site
2025-03-20 13:20:35,893 - INFO - 队列注册成功: tg_queue_channel
2025-03-20 13:20:36,002 - INFO - 队列注册成功: tg_queue_msg
2025-03-20 13:20:36,112 - INFO - 队列注册成功: tg_queue_relation
2025-03-20 13:20:36,205 - INFO - 队列注册成功: tg_queue_users
2025-03-20 13:20:36,318 - INFO - 队列注册成功: user
2025-03-20 13:20:36,318 - INFO - 开始监听消息...
