------------------------------
2024-10-23 10:14:33 开始运行
------------------------------
2024-10-23 00:11:11: 目前是第63页的第25个帖子------------------------------
2024-10-23 10:16:33 开始运行
------------------------------
在2024-10-23 10:16:47程序开始时刻: 已有28326条数据
2024-10-23 10:17:10: 目前是第64页的第1个帖子
2024-10-23 10:18:29: 目前是第64页的第2个帖子
2024-10-23 10:19:48: 目前是第64页的第3个帖子
2024-10-23 10:21:19: 目前是第64页的第4个帖子
2024-10-23 10:22:41: 目前是第64页的第5个帖子
2024-10-23 10:23:47: 目前是第64页的第6个帖子
2024-10-23 10:24:59: 目前是第64页的第7个帖子
2024-10-23 10:27:07: 目前是第64页的第8个帖子
2024-10-23 10:28:27: 目前是第64页的第9个帖子
2024-10-23 10:31:10: 目前是第64页的第10个帖子
2024-10-23 10:33:53: 目前是第64页的第11个帖子
2024-10-23 10:35:05: 目前是第64页的第12个帖子
2024-10-23 10:35:49: 目前是第64页的第13个帖子
2024-10-23 10:36:59: 目前是第64页的第14个帖子
2024-10-23 10:37:43: 目前是第64页的第15个帖子
2024-10-23 10:39:03: 目前是第64页的第16个帖子
2024-10-23 10:40:24: 目前是第64页的第17个帖子
2024-10-23 10:41:35: 目前是第64页的第18个帖子
2024-10-23 10:42:47: 目前是第64页的第19个帖子
2024-10-23 10:43:56: 目前是第64页的第20个帖子
2024-10-23 10:47:52: 目前是第64页的第21个帖子
2024-10-23 10:48:36: 目前是第64页的第22个帖子
2024-10-23 10:49:45: 目前是第64页的第23个帖子
2024-10-23 10:50:56: 目前是第64页的第24个帖子
2024-10-23 10:52:13: 目前是第64页的第25个帖子
2024-10-23 10:53:35: 目前是第65页的第1个帖子
2024-10-23 10:54:43: 目前是第65页的第2个帖子
2024-10-23 10:55:54: 目前是第65页的第3个帖子
2024-10-23 10:57:02: 目前是第65页的第4个帖子
2024-10-23 10:58:17: 目前是第65页的第5个帖子
2024-10-23 11:00:11: 目前是第65页的第6个帖子
2024-10-23 11:00:55: 目前是第65页的第7个帖子
2024-10-23 11:02:36: 目前是第65页的第8个帖子
2024-10-23 11:03:42: 目前是第65页的第9个帖子
2024-10-23 11:04:54: 目前是第65页的第10个帖子
2024-10-23 11:06:45: 目前是第65页的第11个帖子
2024-10-23 11:08:02: 目前是第65页的第12个帖子
2024-10-23 11:09:40: 目前是第65页的第13个帖子
2024-10-23 11:10:52: 目前是第65页的第14个帖子
2024-10-23 11:12:01: 目前是第65页的第15个帖子
2024-10-23 11:15:07: 目前是第65页的第16个帖子
2024-10-23 11:16:14: 目前是第65页的第17个帖子
2024-10-23 11:17:25: 目前是第65页的第18个帖子
2024-10-23 11:19:38: 目前是第65页的第19个帖子
2024-10-23 11:20:53: 目前是第65页的第20个帖子
2024-10-23 11:22:04: 目前是第65页的第21个帖子
2024-10-23 11:23:33: 目前是第65页的第22个帖子
2024-10-23 11:24:39: 目前是第65页的第23个帖子
2024-10-23 11:25:46: 目前是第65页的第24个帖子
2024-10-23 11:28:48: 目前是第65页的第25个帖子
2024-10-23 11:30:11: 目前是第66页的第1个帖子
2024-10-23 11:31:18: 目前是第66页的第2个帖子
2024-10-23 11:32:36: 目前是第66页的第3个帖子
2024-10-23 11:33:45: 目前是第66页的第4个帖子
2024-10-23 11:34:58: 目前是第66页的第5个帖子
2024-10-23 11:36:04: 目前是第66页的第6个帖子
2024-10-23 11:37:10: 目前是第66页的第7个帖子
2024-10-23 11:38:56: 目前是第66页的第8个帖子
2024-10-23 11:40:06: 目前是第66页的第9个帖子
2024-10-23 11:41:11: 目前是第66页的第10个帖子
2024-10-23 11:41:55: 目前是第66页的第11个帖子
2024-10-23 11:43:14: 目前是第66页的第12个帖子
2024-10-23 11:44:34: 目前是第66页的第13个帖子
2024-10-23 11:45:51: 目前是第66页的第14个帖子
2024-10-23 11:47:03: 目前是第66页的第15个帖子
2024-10-23 11:47:48: 目前是第66页的第16个帖子
2024-10-23 11:49:02: 目前是第66页的第17个帖子
2024-10-23 11:50:22: 目前是第66页的第18个帖子
2024-10-23 11:51:33: 目前是第66页的第19个帖子
2024-10-23 11:52:41: 目前是第66页的第20个帖子
2024-10-23 11:53:52: 目前是第66页的第21个帖子
2024-10-23 11:55:12: 目前是第66页的第22个帖子
2024-10-23 11:56:28: 目前是第66页的第23个帖子
2024-10-23 11:57:36: 目前是第66页的第24个帖子
2024-10-23 11:58:47: 目前是第66页的第25个帖子
2024-10-23 12:00:14: 目前是第67页的第1个帖子
2024-10-23 12:01:26: 目前是第67页的第2个帖子
2024-10-23 12:02:37: 目前是第67页的第3个帖子
2024-10-23 12:04:03: 目前是第67页的第4个帖子
2024-10-23 12:05:26: 目前是第67页的第5个帖子
2024-10-23 12:06:35: 目前是第67页的第6个帖子
2024-10-23 12:07:44: 目前是第67页的第7个帖子
2024-10-23 12:09:01: 目前是第67页的第8个帖子
2024-10-23 12:10:16: 目前是第67页的第9个帖子
2024-10-23 12:12:54: 目前是第67页的第10个帖子
2024-10-23 12:14:12: 目前是第67页的第11个帖子
2024-10-23 12:15:24: 目前是第67页的第12个帖子
2024-10-23 12:16:44: 目前是第67页的第13个帖子
2024-10-23 12:37:53: 目前是第67页的第14个帖子
2024-10-23 12:39:05: 目前是第67页的第15个帖子
2024-10-23 12:45:01: 目前是第67页的第16个帖子
2024-10-23 12:46:12: 目前是第67页的第17个帖子
2024-10-23 12:47:17: 目前是第67页的第18个帖子
2024-10-23 12:48:36: 目前是第67页的第19个帖子
2024-10-23 12:49:42: 目前是第67页的第20个帖子
2024-10-23 12:50:54: 目前是第67页的第21个帖子
2024-10-23 12:52:00: 目前是第67页的第22个帖子
2024-10-23 12:53:08: 目前是第67页的第23个帖子
2024-10-23 12:53:52: 目前是第67页的第24个帖子
2024-10-23 12:55:05: 目前是第67页的第25个帖子
2024-10-23 12:56:26: 目前是第68页的第1个帖子
2024-10-23 12:59:37: 目前是第68页的第2个帖子
2024-10-23 13:00:21: 目前是第68页的第3个帖子
2024-10-23 13:01:07: 目前是第68页的第4个帖子
2024-10-23 13:02:15: 目前是第68页的第5个帖子
2024-10-23 13:04:05: 目前是第68页的第6个帖子
2024-10-23 13:04:49: 目前是第68页的第7个帖子
2024-10-23 13:07:35: 目前是第68页的第8个帖子
2024-10-23 13:08:45: 目前是第68页的第9个帖子
2024-10-23 13:09:56: 目前是第68页的第10个帖子
2024-10-23 13:11:22: 目前是第68页的第11个帖子
2024-10-23 13:13:15: 目前是第68页的第12个帖子
2024-10-23 13:13:59: 目前是第68页的第13个帖子
2024-10-23 13:17:23: 目前是第68页的第14个帖子
2024-10-23 13:18:34: 目前是第68页的第15个帖子
2024-10-23 13:19:52: 目前是第68页的第16个帖子
2024-10-23 13:23:30: 目前是第68页的第17个帖子
2024-10-23 13:24:48: 目前是第68页的第18个帖子
2024-10-23 13:25:58: 目前是第68页的第19个帖子
2024-10-23 13:27:07: 目前是第68页的第20个帖子
2024-10-23 13:28:20: 目前是第68页的第21个帖子
2024-10-23 13:30:24: 目前是第68页的第22个帖子
2024-10-23 13:31:39: 目前是第68页的第23个帖子
2024-10-23 13:32:58: 目前是第68页的第24个帖子
2024-10-23 13:33:42: 目前是第68页的第25个帖子
2024-10-23 13:35:05: 目前是第69页的第1个帖子
2024-10-23 13:36:28: 目前是第69页的第2个帖子
2024-10-23 13:37:43: 目前是第69页的第3个帖子
2024-10-23 13:38:59: 目前是第69页的第4个帖子
2024-10-23 13:40:18: 目前是第69页的第5个帖子
2024-10-23 13:41:29: 目前是第69页的第6个帖子
2024-10-23 13:42:49: 目前是第69页的第7个帖子
2024-10-23 13:43:55: 目前是第69页的第8个帖子
2024-10-23 13:45:19: 目前是第69页的第9个帖子
!!!!!!!!!!!!!!!!!!!!!!!!!!!!!!
2024-10-23 13:45:19: 403 Forbidden！----------目前已有31257条数据
!!!!!!!!!!!!!!!!!!!!!!!!!!!!!!
在2024-10-23 13:45:29时刻: 已有31257条数据
------------------------------
2024-10-23 14:52:51 开始运行
------------------------------
在2024-10-23 14:53:06程序开始时刻: 已有31257条数据
2024-10-23 14:53:16: 目前是第69页的第10个帖子
2024-10-23 14:54:33: 目前是第69页的第11个帖子
2024-10-23 14:57:39: 目前是第69页的第12个帖子
2024-10-23 14:58:48: 目前是第69页的第13个帖子
2024-10-23 15:00:41: 目前是第69页的第14个帖子
2024-10-23 15:01:53: 目前是第69页的第15个帖子
2024-10-23 15:03:19: 目前是第69页的第16个帖子
2024-10-23 15:04:49: 目前是第69页的第17个帖子
2024-10-23 15:05:55: 目前是第69页的第18个帖子
2024-10-23 15:06:39: 目前是第69页的第19个帖子
2024-10-23 15:08:09: 目前是第69页的第20个帖子
2024-10-23 15:09:31: 目前是第69页的第21个帖子
2024-10-23 15:11:22: 目前是第69页的第22个帖子
2024-10-23 15:12:32: 目前是第69页的第23个帖子
2024-10-23 15:14:40: 目前是第69页的第24个帖子
2024-10-23 15:15:52: 目前是第69页的第25个帖子
2024-10-23 15:17:38: 目前是第70页的第1个帖子
2024-10-23 15:18:59: 目前是第70页的第2个帖子
2024-10-23 15:19:45: 目前是第70页的第3个帖子
2024-10-23 15:21:37: 目前是第70页的第4个帖子
2024-10-23 15:23:00: 目前是第70页的第5个帖子
2024-10-23 15:24:23: 目前是第70页的第6个帖子
2024-10-23 15:28:20: 目前是第70页的第7个帖子
2024-10-23 15:29:31: 目前是第70页的第8个帖子
2024-10-23 15:30:16: 目前是第70页的第9个帖子
2024-10-23 15:31:00: 目前是第70页的第10个帖子
2024-10-23 15:32:08: 目前是第70页的第11个帖子
2024-10-23 15:33:22: 目前是第70页的第12个帖子
2024-10-23 15:34:29: 目前是第70页的第13个帖子
2024-10-23 15:35:36: 目前是第70页的第14个帖子
2024-10-23 15:36:53: 目前是第70页的第15个帖子
2024-10-23 15:38:05: 目前是第70页的第16个帖子
2024-10-23 15:39:30: 目前是第70页的第17个帖子
2024-10-23 15:40:38: 目前是第70页的第18个帖子
2024-10-23 15:41:54: 目前是第70页的第19个帖子
2024-10-23 15:43:12: 目前是第70页的第20个帖子
2024-10-23 15:44:22: 目前是第70页的第21个帖子
2024-10-23 15:46:36: 目前是第70页的第22个帖子
!!!!!!!!!!!!!!!!!!!!!!!!!!!!!!
2024-10-23 15:46:36: 403 Forbidden！----------目前已有31787条数据
!!!!!!!!!!!!!!!!!!!!!!!!!!!!!!
在2024-10-23 15:46:46时刻: 已有31787条数据
------------------------------
2024-10-23 17:03:22 开始运行
------------------------------
在2024-10-23 17:03:37程序开始时刻: 已有31787条数据
2024-10-23 17:03:47: 目前是第70页的第23个帖子
2024-10-23 17:05:08: 目前是第70页的第24个帖子
2024-10-23 17:06:18: 目前是第70页的第25个帖子
2024-10-23 17:10:58: 目前是第71页的第1个帖子
2024-10-23 17:12:16: 目前是第71页的第2个帖子
2024-10-23 17:13:25: 目前是第71页的第3个帖子
2024-10-23 17:14:38: 目前是第71页的第4个帖子
2024-10-23 17:15:23: 目前是第71页的第5个帖子
2024-10-23 17:16:07: 目前是第71页的第6个帖子
2024-10-23 17:17:30: 目前是第71页的第7个帖子
2024-10-23 17:18:42: 目前是第71页的第8个帖子
2024-10-23 17:19:52: 目前是第71页的第9个帖子
2024-10-23 17:21:36: 目前是第71页的第10个帖子
2024-10-23 17:22:43: 目前是第71页的第11个帖子
2024-10-23 17:23:55: 目前是第71页的第12个帖子
2024-10-23 17:25:09: 目前是第71页的第13个帖子
2024-10-23 17:26:16: 目前是第71页的第14个帖子
2024-10-23 17:27:29: 目前是第71页的第15个帖子
2024-10-23 17:28:39: 目前是第71页的第16个帖子
2024-10-23 17:29:45: 目前是第71页的第17个帖子
2024-10-23 17:30:51: 目前是第71页的第18个帖子
2024-10-23 17:32:05: 目前是第71页的第19个帖子
2024-10-23 17:33:13: 目前是第71页的第20个帖子
2024-10-23 17:34:42: 目前是第71页的第21个帖子
2024-10-23 17:35:51: 目前是第71页的第22个帖子
2024-10-23 17:36:59: 目前是第71页的第23个帖子
2024-10-23 17:38:37: 目前是第71页的第24个帖子
2024-10-23 17:39:51: 目前是第71页的第25个帖子
2024-10-23 17:41:15: 目前是第72页的第1个帖子
2024-10-23 17:42:22: 目前是第72页的第2个帖子
2024-10-23 17:44:41: 目前是第72页的第3个帖子
2024-10-23 17:46:05: 目前是第72页的第4个帖子
2024-10-23 17:47:27: 目前是第72页的第5个帖子
!!!!!!!!!!!!!!!!!!!!!!!!!!!!!!
2024-10-23 17:47:27: 403 Forbidden！----------目前已有32222条数据
!!!!!!!!!!!!!!!!!!!!!!!!!!!!!!
在2024-10-23 17:47:37时刻: 已有32222条数据
------------------------------
2024-10-23 17:57:59 开始运行
------------------------------
------------------------------
2024-10-23 17:58:38 开始运行
------------------------------
在2024-10-23 17:58:57程序开始时刻: 已有32222条数据
2024-10-23 17:59:07: 目前是第72页的第6个帖子
2024-10-23 18:00:23: 目前是第72页的第7个帖子
2024-10-23 18:01:49: 目前是第72页的第8个帖子
2024-10-23 18:03:34: 目前是第72页的第9个帖子
2024-10-23 18:04:44: 目前是第72页的第10个帖子
2024-10-23 18:05:53: 目前是第72页的第11个帖子
2024-10-23 18:07:03: 目前是第72页的第12个帖子
2024-10-23 18:08:23: 目前是第72页的第13个帖子
2024-10-23 18:09:50: 目前是第72页的第14个帖子
2024-10-23 18:11:14: 目前是第72页的第15个帖子
2024-10-23 18:12:31: 目前是第72页的第16个帖子
2024-10-23 18:13:15: 目前是第72页的第17个帖子
2024-10-23 18:14:28: 目前是第72页的第18个帖子
2024-10-23 18:15:40: 目前是第72页的第19个帖子
2024-10-23 18:16:50: 目前是第72页的第20个帖子
2024-10-23 18:18:44: 目前是第72页的第21个帖子
2024-10-23 18:19:52: 目前是第72页的第22个帖子
2024-10-23 18:21:00: 目前是第72页的第23个帖子
2024-10-23 18:22:10: 目前是第72页的第24个帖子
2024-10-23 18:23:18: 目前是第72页的第25个帖子
2024-10-23 18:25:00: 目前是第73页的第1个帖子
2024-10-23 18:26:13: 目前是第73页的第2个帖子
2024-10-23 18:27:32: 目前是第73页的第3个帖子
2024-10-23 18:28:17: 目前是第73页的第4个帖子
2024-10-23 18:29:23: 目前是第73页的第5个帖子
2024-10-23 18:31:34: 目前是第73页的第6个帖子
2024-10-23 18:32:42: 目前是第73页的第7个帖子
2024-10-23 18:33:55: 目前是第73页的第8个帖子
2024-10-23 18:35:10: 目前是第73页的第9个帖子
2024-10-23 18:36:23: 目前是第73页的第10个帖子
2024-10-23 18:37:32: 目前是第73页的第11个帖子
2024-10-23 18:38:48: 目前是第73页的第12个帖子
2024-10-23 18:40:02: 目前是第73页的第13个帖子
2024-10-23 18:41:16: 目前是第73页的第14个帖子
2024-10-23 18:42:32: 目前是第73页的第15个帖子
2024-10-23 18:43:54: 目前是第73页的第16个帖子
2024-10-23 18:45:45: 目前是第73页的第17个帖子
2024-10-23 18:46:53: 目前是第73页的第18个帖子
2024-10-23 18:48:02: 目前是第73页的第19个帖子
2024-10-23 18:49:18: 目前是第73页的第20个帖子
2024-10-23 18:50:02: 目前是第73页的第21个帖子
2024-10-23 18:51:25: 目前是第73页的第22个帖子
2024-10-23 18:52:43: 目前是第73页的第23个帖子
2024-10-23 18:54:04: 目前是第73页的第24个帖子
2024-10-23 18:55:18: 目前是第73页的第25个帖子
2024-10-23 18:56:47: 目前是第74页的第1个帖子
2024-10-23 18:58:04: 目前是第74页的第2个帖子
2024-10-23 18:59:22: 目前是第74页的第3个帖子
2024-10-23 19:00:34: 目前是第74页的第4个帖子
2024-10-23 19:07:12: 目前是第74页的第5个帖子
2024-10-23 19:09:02: 目前是第74页的第6个帖子
2024-10-23 19:13:58: 目前是第74页的第7个帖子
2024-10-23 19:15:07: 目前是第74页的第8个帖子
2024-10-23 19:15:53: 目前是第74页的第9个帖子
2024-10-23 19:17:11: 目前是第74页的第10个帖子
2024-10-23 19:18:22: 目前是第74页的第11个帖子
2024-10-23 19:19:41: 目前是第74页的第12个帖子
2024-10-23 19:21:04: 目前是第74页的第13个帖子
2024-10-23 19:22:25: 目前是第74页的第14个帖子
2024-10-23 19:24:13: 目前是第74页的第15个帖子
2024-10-23 19:25:59: 目前是第74页的第16个帖子
2024-10-23 19:27:12: 目前是第74页的第17个帖子
!!!!!!!!!!!!!!!!!!!!!!!!!!!!!!
2024-10-23 19:27:55: 403 Forbidden！----------目前已有33313条数据
!!!!!!!!!!!!!!!!!!!!!!!!!!!!!!
在2024-10-23 19:28:05时刻: 已有33313条数据
------------------------------
2024-10-23 20:46:43 开始运行
------------------------------
在2024-10-23 20:47:01程序开始时刻: 已有33313条数据
2024-10-23 20:47:11: 目前是第74页的第18个帖子
2024-10-23 20:49:00: 目前是第74页的第19个帖子
2024-10-23 20:50:18: 目前是第74页的第20个帖子
2024-10-23 20:53:36: 目前是第74页的第21个帖子
2024-10-23 20:54:45: 目前是第74页的第22个帖子
2024-10-23 20:56:16: 目前是第74页的第23个帖子
2024-10-23 20:57:50: 目前是第74页的第24个帖子
2024-10-23 20:59:02: 目前是第74页的第25个帖子
2024-10-23 21:00:45: 目前是第75页的第1个帖子
2024-10-23 21:01:56: 目前是第75页的第2个帖子
2024-10-23 21:02:41: 目前是第75页的第3个帖子
2024-10-23 21:03:53: 目前是第75页的第4个帖子
2024-10-23 21:05:18: 目前是第75页的第5个帖子
2024-10-23 21:06:33: 目前是第75页的第6个帖子
2024-10-23 21:07:57: 目前是第75页的第7个帖子
2024-10-23 21:09:06: 目前是第75页的第8个帖子
2024-10-23 21:10:22: 目前是第75页的第9个帖子
2024-10-23 21:12:38: 目前是第75页的第10个帖子
2024-10-23 21:14:01: 目前是第75页的第11个帖子
2024-10-23 21:15:08: 目前是第75页的第12个帖子
2024-10-23 21:16:38: 目前是第75页的第13个帖子
2024-10-23 21:18:17: 目前是第75页的第14个帖子
2024-10-23 21:19:50: 目前是第75页的第15个帖子
2024-10-23 21:20:38: 目前是第75页的第16个帖子
2024-10-23 21:22:52: 目前是第75页的第17个帖子
2024-10-23 21:24:02: 目前是第75页的第18个帖子
2024-10-23 21:25:15: 目前是第75页的第19个帖子
2024-10-23 21:26:27: 目前是第75页的第20个帖子
2024-10-23 21:27:39: 目前是第75页的第21个帖子
2024-10-23 21:28:49: 目前是第75页的第22个帖子
2024-10-23 21:35:11: 目前是第75页的第23个帖子
2024-10-23 21:38:47: 目前是第75页的第24个帖子
2024-10-23 21:39:56: 目前是第75页的第25个帖子
2024-10-23 21:41:20: 目前是第76页的第1个帖子
2024-10-23 21:42:30: 目前是第76页的第2个帖子
2024-10-23 21:45:27: 目前是第76页的第3个帖子
2024-10-23 21:46:44: 目前是第76页的第4个帖子
2024-10-23 21:47:50: 目前是第76页的第5个帖子
2024-10-23 21:49:08: 目前是第76页的第6个帖子
2024-10-23 21:50:31: 目前是第76页的第7个帖子
2024-10-23 21:51:52: 目前是第76页的第8个帖子
2024-10-23 21:56:20: 目前是第76页的第9个帖子
2024-10-23 21:57:38: 目前是第76页的第10个帖子
2024-10-23 21:58:48: 目前是第76页的第11个帖子
2024-10-23 21:59:59: 目前是第76页的第12个帖子
2024-10-23 22:01:22: 目前是第76页的第13个帖子
2024-10-23 22:02:46: 目前是第76页的第14个帖子
2024-10-23 22:04:03: 目前是第76页的第15个帖子
2024-10-23 22:05:18: 目前是第76页的第16个帖子
2024-10-23 22:06:27: 目前是第76页的第17个帖子
2024-10-23 22:32:15: 目前是第76页的第18个帖子
2024-10-23 22:33:25: 目前是第76页的第19个帖子
2024-10-23 22:34:45: 目前是第76页的第20个帖子
2024-10-23 22:35:57: 目前是第76页的第21个帖子
2024-10-23 22:37:09: 目前是第76页的第22个帖子
2024-10-23 22:38:31: 目前是第76页的第23个帖子
2024-10-23 22:40:50: 目前是第76页的第24个帖子
2024-10-23 22:42:03: 目前是第76页的第25个帖子
2024-10-23 22:43:30: 目前是第77页的第1个帖子
2024-10-23 22:44:42: 目前是第77页的第2个帖子
2024-10-23 22:45:51: 目前是第77页的第3个帖子
2024-10-23 22:47:15: 目前是第77页的第4个帖子
2024-10-23 22:48:42: 目前是第77页的第5个帖子
2024-10-23 22:49:58: 目前是第77页的第6个帖子
2024-10-23 22:51:56: 目前是第77页的第7个帖子
2024-10-23 22:53:14: 目前是第77页的第8个帖子
2024-10-23 22:54:36: 目前是第77页的第9个帖子
2024-10-23 22:55:51: 目前是第77页的第10个帖子
2024-10-23 22:57:05: 目前是第77页的第11个帖子
2024-10-23 22:58:22: 目前是第77页的第12个帖子
2024-10-23 22:59:40: 目前是第77页的第13个帖子
2024-10-23 23:00:47: 目前是第77页的第14个帖子
2024-10-23 23:02:00: 目前是第77页的第15个帖子
2024-10-23 23:03:11: 目前是第77页的第16个帖子
2024-10-23 23:04:26: 目前是第77页的第17个帖子
2024-10-23 23:05:37: 目前是第77页的第18个帖子
2024-10-23 23:06:52: 目前是第77页的第19个帖子
2024-10-23 23:08:40: 目前是第77页的第20个帖子
2024-10-23 23:10:00: 目前是第77页的第21个帖子
2024-10-23 23:12:28: 目前是第77页的第22个帖子
2024-10-23 23:13:36: 目前是第77页的第23个帖子
2024-10-23 23:14:22: 目前是第77页的第24个帖子
2024-10-23 23:15:41: 目前是第77页的第25个帖子
2024-10-23 23:17:05: 目前是第78页的第1个帖子
2024-10-23 23:18:13: 目前是第78页的第2个帖子
2024-10-23 23:19:21: 目前是第78页的第3个帖子
2024-10-23 23:20:33: 目前是第78页的第4个帖子
2024-10-23 23:24:12: 目前是第78页的第5个帖子
2024-10-23 23:25:20: 目前是第78页的第6个帖子
2024-10-23 23:26:42: 目前是第78页的第7个帖子
2024-10-23 23:27:48: 目前是第78页的第8个帖子
2024-10-23 23:29:05: 目前是第78页的第9个帖子
2024-10-23 23:30:33: 目前是第78页的第10个帖子
2024-10-23 23:31:50: 目前是第78页的第11个帖子
2024-10-23 23:33:15: 目前是第78页的第12个帖子
2024-10-23 23:34:26: 目前是第78页的第13个帖子
!!!!!!!!!!!!!!!!!!!!!!!!!!!!!!
2024-10-23 23:34:26: 403 Forbidden！----------目前已有35718条数据
!!!!!!!!!!!!!!!!!!!!!!!!!!!!!!
在2024-10-23 23:34:36时刻: 已有35718条数据
