------------------------------
2024-10-22 10:17:15 开始运行
------------------------------
2024-10-22 10:17:40: 目前是第42页的第1个帖子
------------------------------
2024-10-22 10:19:19 开始运行
------------------------------
2024-10-22 10:19:43: 目前是第47页的第1个帖子
2024-10-22 10:20:53: 目前是第47页的第2个帖子
2024-10-22 10:22:09: 目前是第47页的第3个帖子
2024-10-22 10:24:40: 目前是第47页的第4个帖子
2024-10-22 10:25:55: 目前是第47页的第5个帖子
2024-10-22 10:27:13: 目前是第47页的第6个帖子
2024-10-22 10:28:32: 目前是第47页的第7个帖子
2024-10-22 10:29:47: 目前是第47页的第8个帖子
2024-10-22 10:30:56: 目前是第47页的第9个帖子
2024-10-22 10:32:23: 目前是第47页的第10个帖子
2024-10-22 10:33:45: 目前是第47页的第11个帖子
2024-10-22 10:35:05: 目前是第47页的第12个帖子
2024-10-22 10:36:24: 目前是第47页的第13个帖子
2024-10-22 10:38:13: 目前是第47页的第14个帖子
2024-10-22 10:39:28: 目前是第47页的第15个帖子
2024-10-22 10:40:40: 目前是第47页的第16个帖子
2024-10-22 10:41:50: 目前是第47页的第17个帖子
2024-10-22 10:43:00: 目前是第47页的第18个帖子
2024-10-22 10:44:13: 目前是第47页的第19个帖子
2024-10-22 10:45:22: 目前是第47页的第20个帖子
2024-10-22 10:47:34: 目前是第47页的第21个帖子
2024-10-22 10:48:55: 目前是第47页的第22个帖子
2024-10-22 10:50:16: 目前是第47页的第23个帖子
2024-10-22 10:51:28: 目前是第47页的第24个帖子
2024-10-22 10:53:08: 目前是第47页的第25个帖子
2024-10-22 10:55:04: 目前是第48页的第1个帖子
2024-10-22 10:56:18: 目前是第48页的第2个帖子
2024-10-22 10:57:34: 目前是第48页的第3个帖子
2024-10-22 10:58:53: 目前是第48页的第4个帖子
2024-10-22 11:00:12: 目前是第48页的第5个帖子
------------------------------
2024-10-22 11:58:24 开始运行
------------------------------
2024-10-22 11:58:47: 目前是第48页的第6个帖子
2024-10-22 12:03:25: 目前是第48页的第7个帖子
2024-10-22 12:04:44: 目前是第48页的第8个帖子
2024-10-22 12:06:02: 目前是第48页的第9个帖子
2024-10-22 12:07:21: 目前是第48页的第10个帖子
2024-10-22 12:08:36: 目前是第48页的第11个帖子
2024-10-22 12:10:35: 目前是第48页的第12个帖子
2024-10-22 12:12:04: 目前是第48页的第13个帖子
2024-10-22 12:12:48: 目前是第48页的第14个帖子
2024-10-22 12:14:01: 目前是第48页的第15个帖子
2024-10-22 12:15:50: 目前是第48页的第16个帖子
2024-10-22 12:17:02: 目前是第48页的第17个帖子
2024-10-22 12:18:45: 目前是第48页的第18个帖子
2024-10-22 12:19:58: 目前是第48页的第19个帖子
2024-10-22 12:21:21: 目前是第48页的第20个帖子
2024-10-22 12:22:46: 目前是第48页的第21个帖子
2024-10-22 12:24:04: 目前是第48页的第22个帖子
2024-10-22 12:25:58: 目前是第48页的第23个帖子
2024-10-22 12:27:11: 目前是第48页的第24个帖子
2024-10-22 12:28:22: 目前是第48页的第25个帖子
2024-10-22 12:29:46: 目前是第49页的第1个帖子
2024-10-22 12:30:59: 目前是第49页的第2个帖子
2024-10-22 12:32:07: 目前是第49页的第3个帖子
2024-10-22 12:33:15: 目前是第49页的第4个帖子
2024-10-22 12:34:25: 目前是第49页的第5个帖子
2024-10-22 12:35:47: 目前是第49页的第6个帖子
2024-10-22 12:37:00: 目前是第49页的第7个帖子
2024-10-22 12:38:13: 目前是第49页的第8个帖子
2024-10-22 12:39:21: 目前是第49页的第9个帖子
2024-10-22 12:41:08: 目前是第49页的第10个帖子
2024-10-22 12:42:21: 目前是第49页的第11个帖子
2024-10-22 12:43:36: 目前是第49页的第12个帖子
2024-10-22 12:44:45: 目前是第49页的第13个帖子
2024-10-22 12:45:54: 目前是第49页的第14个帖子
2024-10-22 12:47:24: 目前是第49页的第15个帖子
2024-10-22 12:48:34: 目前是第49页的第16个帖子
2024-10-22 12:49:18: 目前是第49页的第17个帖子
2024-10-22 12:50:28: 目前是第49页的第18个帖子
2024-10-22 12:51:39: 目前是第49页的第19个帖子
2024-10-22 12:52:50: 目前是第49页的第20个帖子
2024-10-22 12:53:58: 目前是第49页的第21个帖子
2024-10-22 12:55:06: 目前是第49页的第22个帖子
2024-10-22 12:56:15: 目前是第49页的第23个帖子
2024-10-22 12:57:37: 目前是第49页的第24个帖子
2024-10-22 12:58:52: 目前是第49页的第25个帖子
2024-10-22 12:59:49: 目前是第50页的第1个帖子
2024-10-22 13:01:08: 目前是第50页的第2个帖子
2024-10-22 13:02:23: 目前是第50页的第3个帖子
2024-10-22 13:03:39: 目前是第50页的第4个帖子
2024-10-22 13:04:50: 目前是第50页的第5个帖子
2024-10-22 13:06:11: 目前是第50页的第6个帖子
2024-10-22 13:07:28: 目前是第50页的第7个帖子
2024-10-22 13:08:45: 目前是第50页的第8个帖子
2024-10-22 13:09:57: 目前是第50页的第9个帖子
2024-10-22 13:13:14: 目前是第50页的第10个帖子
2024-10-22 13:14:38: 目前是第50页的第11个帖子
2024-10-22 13:16:05: 目前是第50页的第12个帖子
2024-10-22 13:17:27: 目前是第50页的第13个帖子
2024-10-22 13:18:38: 目前是第50页的第14个帖子
2024-10-22 13:19:46: 目前是第50页的第15个帖子
2024-10-22 13:20:30: 目前是第50页的第16个帖子
2024-10-22 13:21:50: 目前是第50页的第17个帖子
2024-10-22 13:23:15: 目前是第50页的第18个帖子
2024-10-22 13:25:47: 目前是第50页的第19个帖子
2024-10-22 13:26:57: 目前是第50页的第20个帖子
2024-10-22 13:28:09: 目前是第50页的第21个帖子
2024-10-22 13:29:17: 目前是第50页的第22个帖子
2024-10-22 13:30:44: 目前是第50页的第23个帖子
2024-10-22 13:31:52: 目前是第50页的第24个帖子
2024-10-22 13:33:01: 目前是第50页的第25个帖子
2024-10-22 13:34:29: 目前是第51页的第1个帖子
2024-10-22 13:35:44: 目前是第51页的第2个帖子
2024-10-22 13:36:53: 目前是第51页的第3个帖子
2024-10-22 13:38:02: 目前是第51页的第4个帖子
2024-10-22 13:39:38: 目前是第51页的第5个帖子
2024-10-22 13:41:00: 目前是第51页的第6个帖子
2024-10-22 13:42:11: 目前是第51页的第7个帖子
2024-10-22 13:43:39: 目前是第51页的第8个帖子
2024-10-22 13:44:54: 目前是第51页的第9个帖子
2024-10-22 13:46:15: 目前是第51页的第10个帖子
2024-10-22 13:47:24: 目前是第51页的第11个帖子
2024-10-22 13:48:45: 目前是第51页的第12个帖子
2024-10-22 13:54:13: 目前是第51页的第13个帖子
2024-10-22 13:55:23: 目前是第51页的第14个帖子
2024-10-22 13:56:35: 目前是第51页的第15个帖子
2024-10-22 13:57:43: 目前是第51页的第16个帖子
2024-10-22 13:59:05: 目前是第51页的第17个帖子
2024-10-22 14:00:39: 目前是第51页的第18个帖子
2024-10-22 14:02:00: 目前是第51页的第19个帖子
2024-10-22 14:03:22: 目前是第51页的第20个帖子
2024-10-22 14:04:38: 目前是第51页的第21个帖子
2024-10-22 14:05:58: 目前是第51页的第22个帖子
2024-10-22 14:07:12: 目前是第51页的第23个帖子
2024-10-22 14:08:20: 目前是第51页的第24个帖子
2024-10-22 14:11:06: 目前是第51页的第25个帖子
2024-10-22 14:12:48: 目前是第52页的第1个帖子
2024-10-22 14:13:58: 目前是第52页的第2个帖子
2024-10-22 14:15:22: 目前是第52页的第3个帖子
2024-10-22 14:16:37: 目前是第52页的第4个帖子
2024-10-22 14:17:54: 目前是第52页的第5个帖子
2024-10-22 14:20:33: 目前是第52页的第6个帖子
2024-10-22 14:21:48: 目前是第52页的第7个帖子
2024-10-22 14:23:09: 目前是第52页的第8个帖子
2024-10-22 14:24:36: 目前是第52页的第9个帖子
2024-10-22 14:25:58: 目前是第52页的第10个帖子
2024-10-22 14:27:07: 目前是第52页的第11个帖子
2024-10-22 14:30:17: 目前是第52页的第12个帖子
2024-10-22 14:31:36: 目前是第52页的第13个帖子
2024-10-22 14:32:20: 目前是第52页的第14个帖子
2024-10-22 14:33:29: 目前是第52页的第15个帖子
2024-10-22 14:34:36: 目前是第52页的第16个帖子
2024-10-22 14:35:56: 目前是第52页的第17个帖子
2024-10-22 14:37:07: 目前是第52页的第18个帖子
2024-10-22 14:38:18: 目前是第52页的第19个帖子
2024-10-22 14:39:25: 目前是第52页的第20个帖子
2024-10-22 14:40:45: 目前是第52页的第21个帖子
2024-10-22 14:41:55: 目前是第52页的第22个帖子
2024-10-22 14:44:16: 目前是第52页的第23个帖子
2024-10-22 14:45:32: 目前是第52页的第24个帖子
2024-10-22 14:46:16: 目前是第52页的第25个帖子
2024-10-22 14:47:43: 目前是第53页的第1个帖子
2024-10-22 14:49:07: 目前是第53页的第2个帖子
2024-10-22 14:51:21: 目前是第53页的第3个帖子
2024-10-22 14:52:35: 目前是第53页的第4个帖子
2024-10-22 14:53:19: 目前是第53页的第5个帖子
2024-10-22 14:54:38: 目前是第53页的第6个帖子
2024-10-22 14:55:48: 目前是第53页的第7个帖子
2024-10-22 14:56:57: 目前是第53页的第8个帖子
2024-10-22 14:58:07: 目前是第53页的第9个帖子
2024-10-22 14:59:23: 目前是第53页的第10个帖子
2024-10-22 15:00:46: 目前是第53页的第11个帖子
2024-10-22 15:02:28: 目前是第53页的第12个帖子
2024-10-22 15:03:46: 目前是第53页的第13个帖子
2024-10-22 15:05:15: 目前是第53页的第14个帖子
2024-10-22 15:06:23: 目前是第53页的第15个帖子
2024-10-22 15:07:41: 目前是第53页的第16个帖子
2024-10-22 15:09:04: 目前是第53页的第17个帖子
2024-10-22 15:10:16: 目前是第53页的第18个帖子
2024-10-22 15:11:24: 目前是第53页的第19个帖子
2024-10-22 15:12:34: 目前是第53页的第20个帖子
2024-10-22 15:13:52: 目前是第53页的第21个帖子
2024-10-22 15:15:15: 目前是第53页的第22个帖子
2024-10-22 15:16:31: 目前是第53页的第23个帖子
2024-10-22 15:17:43: 目前是第53页的第24个帖子
2024-10-22 15:18:59: 目前是第53页的第25个帖子
2024-10-22 15:20:39: 目前是第54页的第1个帖子
2024-10-22 15:21:50: 目前是第54页的第2个帖子
2024-10-22 15:23:07: 目前是第54页的第3个帖子
2024-10-22 15:24:25: 目前是第54页的第4个帖子
2024-10-22 15:25:35: 目前是第54页的第5个帖子
2024-10-22 15:27:18: 目前是第54页的第6个帖子
2024-10-22 15:28:06: 目前是第54页的第7个帖子
2024-10-22 15:29:20: 目前是第54页的第8个帖子
2024-10-22 15:30:42: 目前是第54页的第9个帖子
2024-10-22 15:32:08: 目前是第54页的第10个帖子
2024-10-22 15:33:25: 目前是第54页的第11个帖子
2024-10-22 15:35:19: 目前是第54页的第12个帖子
2024-10-22 15:36:42: 目前是第54页的第13个帖子
2024-10-22 15:37:52: 目前是第54页的第14个帖子
2024-10-22 15:39:01: 目前是第54页的第15个帖子
2024-10-22 15:40:27: 目前是第54页的第16个帖子
2024-10-22 15:41:43: 目前是第54页的第17个帖子
2024-10-22 15:43:09: 目前是第54页的第18个帖子
2024-10-22 15:44:20: 目前是第54页的第19个帖子
2024-10-22 15:46:11: 目前是第54页的第20个帖子
2024-10-22 15:47:27: 目前是第54页的第21个帖子
2024-10-22 15:50:05: 目前是第54页的第22个帖子
2024-10-22 15:51:22: 目前是第54页的第23个帖子
2024-10-22 15:52:33: 目前是第54页的第24个帖子
2024-10-22 15:53:56: 目前是第54页的第25个帖子
2024-10-22 15:55:38: 目前是第55页的第1个帖子
2024-10-22 15:57:30: 目前是第55页的第2个帖子
2024-10-22 15:58:41: 目前是第55页的第3个帖子
2024-10-22 15:59:56: 目前是第55页的第4个帖子
2024-10-22 16:01:17: 目前是第55页的第5个帖子
2024-10-22 16:02:30: 目前是第55页的第6个帖子
2024-10-22 16:03:45: 目前是第55页的第7个帖子
2024-10-22 16:04:58: 目前是第55页的第8个帖子
2024-10-22 16:06:09: 目前是第55页的第9个帖子
2024-10-22 16:07:19: 目前是第55页的第10个帖子
2024-10-22 16:08:29: 目前是第55页的第11个帖子
2024-10-22 16:09:39: 目前是第55页的第12个帖子
2024-10-22 16:10:24: 目前是第55页的第13个帖子
2024-10-22 16:11:36: 目前是第55页的第14个帖子
2024-10-22 16:12:48: 目前是第55页的第15个帖子
2024-10-22 16:13:32: 目前是第55页的第16个帖子
2024-10-22 16:14:44: 目前是第55页的第17个帖子
2024-10-22 16:15:52: 目前是第55页的第18个帖子
2024-10-22 16:17:03: 目前是第55页的第19个帖子
2024-10-22 16:18:12: 目前是第55页的第20个帖子
2024-10-22 16:19:22: 目前是第55页的第21个帖子
2024-10-22 16:20:32: 目前是第55页的第22个帖子
2024-10-22 16:21:47: 目前是第55页的第23个帖子
2024-10-22 16:22:57: 目前是第55页的第24个帖子
2024-10-22 16:24:07: 目前是第55页的第25个帖子
2024-10-22 16:28:29: 目前是第56页的第1个帖子
2024-10-22 16:29:48: 目前是第56页的第2个帖子
2024-10-22 16:31:12: 目前是第56页的第3个帖子
2024-10-22 16:32:33: 目前是第56页的第4个帖子
2024-10-22 16:33:41: 目前是第56页的第5个帖子
2024-10-22 16:35:13: 目前是第56页的第6个帖子
2024-10-22 16:36:47: 目前是第56页的第7个帖子
2024-10-22 16:38:07: 目前是第56页的第8个帖子
2024-10-22 16:39:26: 目前是第56页的第9个帖子
2024-10-22 16:40:45: 目前是第56页的第10个帖子
2024-10-22 16:42:35: 目前是第56页的第11个帖子
2024-10-22 16:44:20: 目前是第56页的第12个帖子
2024-10-22 16:45:41: 目前是第56页的第13个帖子
2024-10-22 16:47:02: 目前是第56页的第14个帖子
2024-10-22 16:48:22: 目前是第56页的第15个帖子
2024-10-22 16:49:41: 目前是第56页的第16个帖子
2024-10-22 16:50:55: 目前是第56页的第17个帖子
2024-10-22 16:52:09: 目前是第56页的第18个帖子
2024-10-22 16:53:19: 目前是第56页的第19个帖子
2024-10-22 16:54:43: 目前是第56页的第20个帖子
2024-10-22 16:56:26: 目前是第56页的第21个帖子
2024-10-22 16:58:08: 目前是第56页的第22个帖子
2024-10-22 17:02:29: 目前是第56页的第23个帖子
2024-10-22 17:03:42: 目前是第56页的第24个帖子
2024-10-22 17:05:12: 目前是第56页的第25个帖子
2024-10-22 17:06:38: 目前是第57页的第1个帖子
2024-10-22 17:07:57: 目前是第57页的第2个帖子
2024-10-22 17:09:20: 目前是第57页的第3个帖子
2024-10-22 17:10:40: 目前是第57页的第4个帖子
2024-10-22 17:11:24: 目前是第57页的第5个帖子
2024-10-22 17:12:38: 目前是第57页的第6个帖子
2024-10-22 17:13:50: 目前是第57页的第7个帖子
2024-10-22 17:16:04: 目前是第57页的第8个帖子
2024-10-22 17:17:14: 目前是第57页的第9个帖子
2024-10-22 17:18:41: 目前是第57页的第10个帖子
2024-10-22 17:20:13: 目前是第57页的第11个帖子
2024-10-22 17:23:33: 目前是第57页的第12个帖子
2024-10-22 17:24:46: 目前是第57页的第13个帖子
2024-10-22 17:25:59: 目前是第57页的第14个帖子
2024-10-22 17:27:41: 目前是第57页的第15个帖子
2024-10-22 17:28:49: 目前是第57页的第16个帖子
2024-10-22 17:30:19: 目前是第57页的第17个帖子
------------------------------
2024-10-22 17:43:34 开始运行
------------------------------
------------------------------
2024-10-22 17:44:41 开始运行
------------------------------
------------------------------
2024-10-22 17:45:07 开始运行
------------------------------
------------------------------
2024-10-22 17:46:35 开始运行
------------------------------
------------------------------
2024-10-22 17:47:30 开始运行
------------------------------
------------------------------
2024-10-22 17:48:12 开始运行
------------------------------
------------------------------
2024-10-22 17:48:49 开始运行
------------------------------
------------------------------
2024-10-22 17:49:35 开始运行
------------------------------
------------------------------
2024-10-22 17:53:56 开始运行
------------------------------
在2024-10-22 17:54:28程序开始时刻: 已有25660条数据
2024-10-22 17:54:38: 目前是第57页的第18个帖子
2024-10-22 17:55:55: 目前是第57页的第19个帖子
2024-10-22 17:57:37: 目前是第57页的第20个帖子
2024-10-22 17:58:54: 目前是第57页的第21个帖子
2024-10-22 18:00:03: 目前是第57页的第22个帖子
2024-10-22 18:01:23: 目前是第57页的第23个帖子
2024-10-22 18:02:34: 目前是第57页的第24个帖子
2024-10-22 18:03:40: 目前是第57页的第25个帖子
2024-10-22 18:05:06: 目前是第58页的第1个帖子
2024-10-22 18:06:18: 目前是第58页的第2个帖子
2024-10-22 18:07:40: 目前是第58页的第3个帖子
2024-10-22 18:08:59: 目前是第58页的第4个帖子
2024-10-22 18:09:43: 目前是第58页的第5个帖子
2024-10-22 18:11:06: 目前是第58页的第6个帖子
2024-10-22 18:12:23: 目前是第58页的第7个帖子
2024-10-22 18:13:28: 目前是第58页的第8个帖子
2024-10-22 18:14:42: 目前是第58页的第9个帖子
2024-10-22 18:15:57: 目前是第58页的第10个帖子
2024-10-22 18:17:17: 目前是第58页的第11个帖子
2024-10-22 18:27:52: 目前是第58页的第12个帖子
2024-10-22 18:29:00: 目前是第58页的第13个帖子
2024-10-22 18:30:09: 目前是第58页的第14个帖子
2024-10-22 18:31:32: 目前是第58页的第15个帖子
2024-10-22 18:32:39: 目前是第58页的第16个帖子
2024-10-22 18:33:47: 目前是第58页的第17个帖子
2024-10-22 18:35:04: 目前是第58页的第18个帖子
2024-10-22 18:36:25: 目前是第58页的第19个帖子
2024-10-22 18:37:44: 目前是第58页的第20个帖子
2024-10-22 18:39:12: 目前是第58页的第21个帖子
2024-10-22 18:40:24: 目前是第58页的第22个帖子
2024-10-22 18:41:33: 目前是第58页的第23个帖子
2024-10-22 18:42:49: 目前是第58页的第24个帖子
2024-10-22 18:44:02: 目前是第58页的第25个帖子
2024-10-22 18:45:35: 目前是第59页的第1个帖子
2024-10-22 18:46:47: 目前是第59页的第2个帖子
2024-10-22 18:48:07: 目前是第59页的第3个帖子
2024-10-22 18:49:27: 目前是第59页的第4个帖子
2024-10-22 18:50:39: 目前是第59页的第5个帖子
2024-10-22 18:53:10: 目前是第59页的第6个帖子
2024-10-22 18:53:53: 目前是第59页的第7个帖子
2024-10-22 18:57:55: 目前是第59页的第8个帖子
2024-10-22 18:59:16: 目前是第59页的第9个帖子
2024-10-22 19:00:30: 目前是第59页的第10个帖子
2024-10-22 19:02:06: 目前是第59页的第11个帖子
2024-10-22 19:03:21: 目前是第59页的第12个帖子
2024-10-22 19:05:08: 目前是第59页的第13个帖子
2024-10-22 19:06:47: 目前是第59页的第14个帖子
2024-10-22 19:08:02: 目前是第59页的第15个帖子
2024-10-22 19:09:18: 目前是第59页的第16个帖子
2024-10-22 19:11:10: 目前是第59页的第17个帖子
2024-10-22 19:14:50: 目前是第59页的第18个帖子
2024-10-22 19:16:08: 目前是第59页的第19个帖子
2024-10-22 19:17:32: 目前是第59页的第20个帖子
2024-10-22 19:18:57: 目前是第59页的第21个帖子
!!!!!!!!!!!!!!!!!!!!!!!!!!!!!!
2024-10-22 19:19:49: 403 Forbidden！----------目前已有26699条数据
!!!!!!!!!!!!!!!!!!!!!!!!!!!!!!
在2024-10-22 19:19:59时刻: 已有26699条数据
------------------------------
2024-10-22 21:13:57 开始运行
------------------------------
------------------------------
2024-10-22 21:14:35 开始运行
------------------------------
------------------------------
2024-10-22 21:15:16 开始运行
------------------------------
------------------------------
2024-10-22 21:15:32 开始运行
------------------------------
在2024-10-22 21:15:54程序开始时刻: 已有26699条数据
2024-10-22 21:16:05: 目前是第59页的第22个帖子
2024-10-22 21:17:19: 目前是第59页的第23个帖子
2024-10-22 21:18:42: 目前是第59页的第24个帖子
2024-10-22 21:19:57: 目前是第59页的第25个帖子
2024-10-22 21:21:20: 目前是第60页的第1个帖子
2024-10-22 21:22:28: 目前是第60页的第2个帖子
2024-10-22 21:23:41: 目前是第60页的第3个帖子
2024-10-22 21:24:50: 目前是第60页的第4个帖子
2024-10-22 21:26:17: 目前是第60页的第5个帖子
2024-10-22 21:27:32: 目前是第60页的第6个帖子
2024-10-22 21:28:40: 目前是第60页的第7个帖子
2024-10-22 21:29:58: 目前是第60页的第8个帖子
2024-10-22 21:31:28: 目前是第60页的第9个帖子
2024-10-22 21:32:40: 目前是第60页的第10个帖子
2024-10-22 21:33:53: 目前是第60页的第11个帖子
2024-10-22 21:35:11: 目前是第60页的第12个帖子
2024-10-22 21:36:23: 目前是第60页的第13个帖子
2024-10-22 21:37:35: 目前是第60页的第14个帖子
2024-10-22 21:38:41: 目前是第60页的第15个帖子
2024-10-22 21:43:32: 目前是第60页的第16个帖子
2024-10-22 21:45:15: 目前是第60页的第17个帖子
2024-10-22 21:46:36: 目前是第60页的第18个帖子
2024-10-22 21:48:01: 目前是第60页的第19个帖子
!!!!!!!!!!!!!!!!!!!!!!!!!!!!!!
2024-10-22 21:48:01: 403 Forbidden！----------目前已有26991条数据
!!!!!!!!!!!!!!!!!!!!!!!!!!!!!!
在2024-10-22 21:48:11时刻: 已有26991条数据
------------------------------
2024-10-22 21:49:19 开始运行
------------------------------
------------------------------
2024-10-22 21:50:45 开始运行
------------------------------
------------------------------
2024-10-22 21:57:20 开始运行
------------------------------
------------------------------
2024-10-22 21:58:41 开始运行
------------------------------
------------------------------
2024-10-22 21:59:27 开始运行
------------------------------
在2024-10-22 22:00:16程序开始时刻: 已有26991条数据
2024-10-22 22:00:26: 目前是第60页的第20个帖子
2024-10-22 22:01:39: 目前是第60页的第21个帖子
2024-10-22 22:03:07: 目前是第60页的第22个帖子
2024-10-22 22:04:26: 目前是第60页的第23个帖子
2024-10-22 22:05:59: 目前是第60页的第24个帖子
2024-10-22 22:07:29: 目前是第60页的第25个帖子
2024-10-22 22:08:58: 目前是第61页的第1个帖子
2024-10-22 22:10:09: 目前是第61页的第2个帖子
2024-10-22 22:11:34: 目前是第61页的第3个帖子
2024-10-22 22:13:12: 目前是第61页的第4个帖子
2024-10-22 22:16:47: 目前是第61页的第5个帖子
2024-10-22 22:18:33: 目前是第61页的第6个帖子
2024-10-22 22:19:43: 目前是第61页的第7个帖子
2024-10-22 22:21:11: 目前是第61页的第8个帖子
2024-10-22 22:23:11: 目前是第61页的第9个帖子
2024-10-22 22:24:30: 目前是第61页的第10个帖子
2024-10-22 22:25:55: 目前是第61页的第11个帖子
2024-10-22 22:27:28: 目前是第61页的第12个帖子
2024-10-22 22:28:57: 目前是第61页的第13个帖子
2024-10-22 22:30:07: 目前是第61页的第14个帖子
2024-10-22 22:31:34: 目前是第61页的第15个帖子
2024-10-22 22:32:55: 目前是第61页的第16个帖子
2024-10-22 22:34:28: 目前是第61页的第17个帖子
2024-10-22 22:35:35: 目前是第61页的第18个帖子
2024-10-22 22:38:27: 目前是第61页的第19个帖子
2024-10-22 22:39:49: 目前是第61页的第20个帖子
2024-10-22 22:40:55: 目前是第61页的第21个帖子
2024-10-22 22:42:30: 目前是第61页的第22个帖子
2024-10-22 22:44:42: 目前是第61页的第23个帖子
2024-10-22 22:46:27: 目前是第61页的第24个帖子
2024-10-22 22:47:52: 目前是第61页的第25个帖子
2024-10-22 22:50:07: 目前是第62页的第1个帖子
2024-10-22 22:53:41: 目前是第62页的第2个帖子
2024-10-22 22:55:16: 目前是第62页的第3个帖子
2024-10-22 22:56:58: 目前是第62页的第4个帖子
2024-10-22 22:58:20: 目前是第62页的第5个帖子
2024-10-22 22:59:31: 目前是第62页的第6个帖子
2024-10-22 23:00:49: 目前是第62页的第7个帖子
2024-10-22 23:02:11: 目前是第62页的第8个帖子
2024-10-22 23:03:27: 目前是第62页的第9个帖子
2024-10-22 23:04:36: 目前是第62页的第10个帖子
2024-10-22 23:06:21: 目前是第62页的第11个帖子
2024-10-22 23:07:42: 目前是第62页的第12个帖子
2024-10-22 23:08:51: 目前是第62页的第13个帖子
2024-10-22 23:10:01: 目前是第62页的第14个帖子
2024-10-22 23:11:22: 目前是第62页的第15个帖子
2024-10-22 23:12:40: 目前是第62页的第16个帖子
2024-10-22 23:14:03: 目前是第62页的第17个帖子
2024-10-22 23:17:50: 目前是第62页的第18个帖子
2024-10-22 23:19:19: 目前是第62页的第19个帖子
2024-10-22 23:21:06: 目前是第62页的第20个帖子
2024-10-22 23:22:56: 目前是第62页的第21个帖子
2024-10-22 23:24:39: 目前是第62页的第22个帖子
2024-10-22 23:26:03: 目前是第62页的第23个帖子
2024-10-22 23:27:25: 目前是第62页的第24个帖子
2024-10-22 23:28:55: 目前是第62页的第25个帖子
2024-10-22 23:30:57: 目前是第63页的第1个帖子
2024-10-22 23:33:48: 目前是第63页的第2个帖子
2024-10-22 23:35:22: 目前是第63页的第3个帖子
2024-10-22 23:36:48: 目前是第63页的第4个帖子
2024-10-22 23:38:19: 目前是第63页的第5个帖子
2024-10-22 23:39:41: 目前是第63页的第6个帖子
2024-10-22 23:41:09: 目前是第63页的第7个帖子
2024-10-22 23:42:19: 目前是第63页的第8个帖子
2024-10-22 23:43:07: 目前是第63页的第9个帖子
2024-10-22 23:44:40: 目前是第63页的第10个帖子
2024-10-22 23:46:43: 目前是第63页的第11个帖子
2024-10-22 23:48:14: 目前是第63页的第12个帖子
2024-10-22 23:49:50: 目前是第63页的第13个帖子
2024-10-22 23:51:05: 目前是第63页的第14个帖子
2024-10-22 23:52:34: 目前是第63页的第15个帖子
2024-10-22 23:53:50: 目前是第63页的第16个帖子
2024-10-22 23:55:20: 目前是第63页的第17个帖子
2024-10-22 23:56:53: 目前是第63页的第18个帖子
2024-10-22 23:57:38: 目前是第63页的第19个帖子
2024-10-22 23:58:56: 目前是第63页的第20个帖子
2024-10-23 00:00:38: 目前是第63页的第21个帖子
2024-10-23 00:05:52: 目前是第63页的第22个帖子
2024-10-23 00:08:35: 目前是第63页的第23个帖子
2024-10-23 00:09:54: 目前是第63页的第24个帖子
2024-10-23 00:11:11: 目前是第63页的第25个帖子
