------------------------------
2024-10-24 10:18:03 开始运行
------------------------------
2024-10-23 23:34:26: 目前是第78页的第13个帖子------------------------------
2024-10-24 11:58:44 开始运行
------------------------------
在2024-10-24 11:59:23程序开始时刻: 已有35718条数据
2024-10-24 11:59:44: 目前是第78页的第14个帖子
2024-10-24 12:01:04: 目前是第78页的第15个帖子
2024-10-24 12:02:30: 目前是第78页的第16个帖子
2024-10-24 12:03:47: 目前是第78页的第17个帖子
2024-10-24 12:04:56: 目前是第78页的第18个帖子
2024-10-24 12:06:05: 目前是第78页的第19个帖子
2024-10-24 12:07:19: 目前是第78页的第20个帖子
2024-10-24 12:08:27: 目前是第78页的第21个帖子
2024-10-24 12:09:48: 目前是第78页的第22个帖子
2024-10-24 12:10:56: 目前是第78页的第23个帖子
2024-10-24 12:12:05: 目前是第78页的第24个帖子
2024-10-24 12:13:18: 目前是第78页的第25个帖子
2024-10-24 12:14:42: 目前是第79页的第1个帖子
2024-10-24 12:15:47: 目前是第79页的第2个帖子
2024-10-24 12:17:01: 目前是第79页的第3个帖子
2024-10-24 12:18:06: 目前是第79页的第4个帖子
2024-10-24 12:19:17: 目前是第79页的第5个帖子
2024-10-24 12:20:34: 目前是第79页的第6个帖子
2024-10-24 12:21:44: 目前是第79页的第7个帖子
2024-10-24 12:22:58: 目前是第79页的第8个帖子
2024-10-24 12:25:39: 目前是第79页的第9个帖子
2024-10-24 12:26:49: 目前是第79页的第10个帖子
2024-10-24 12:27:55: 目前是第79页的第11个帖子
2024-10-24 12:29:06: 目前是第79页的第12个帖子
2024-10-24 12:30:13: 目前是第79页的第13个帖子
2024-10-24 12:31:19: 目前是第79页的第14个帖子
2024-10-24 12:39:31: 目前是第79页的第15个帖子
2024-10-24 12:40:39: 目前是第79页的第16个帖子
2024-10-24 12:41:49: 目前是第79页的第17个帖子
2024-10-24 12:42:59: 目前是第79页的第18个帖子
2024-10-24 12:44:17: 目前是第79页的第19个帖子
2024-10-24 12:45:36: 目前是第79页的第20个帖子
2024-10-24 12:46:42: 目前是第79页的第21个帖子
2024-10-24 12:47:58: 目前是第79页的第22个帖子
2024-10-24 12:48:42: 目前是第79页的第23个帖子
2024-10-24 12:49:48: 目前是第79页的第24个帖子
2024-10-24 12:50:58: 目前是第79页的第25个帖子
2024-10-24 12:52:25: 目前是第80页的第1个帖子
2024-10-24 12:53:36: 目前是第80页的第2个帖子
2024-10-24 12:58:59: 目前是第80页的第3个帖子
2024-10-24 13:00:06: 目前是第80页的第4个帖子
2024-10-24 13:01:24: 目前是第80页的第5个帖子
2024-10-24 13:02:38: 目前是第80页的第6个帖子
2024-10-24 13:13:25: 目前是第80页的第7个帖子
2024-10-24 13:14:42: 目前是第80页的第8个帖子
2024-10-24 13:15:59: 目前是第80页的第9个帖子
2024-10-24 13:17:20: 目前是第80页的第10个帖子
2024-10-24 13:18:41: 目前是第80页的第11个帖子
2024-10-24 13:20:25: 目前是第80页的第12个帖子
2024-10-24 13:21:33: 目前是第80页的第13个帖子
2024-10-24 13:22:53: 目前是第80页的第14个帖子
2024-10-24 13:24:06: 目前是第80页的第15个帖子
2024-10-24 13:25:37: 目前是第80页的第16个帖子
2024-10-24 13:26:50: 目前是第80页的第17个帖子
2024-10-24 13:28:14: 目前是第80页的第18个帖子
2024-10-24 13:29:25: 目前是第80页的第19个帖子
2024-10-24 13:30:46: 目前是第80页的第20个帖子
2024-10-24 13:32:31: 目前是第80页的第21个帖子
2024-10-24 13:35:55: 目前是第80页的第22个帖子
2024-10-24 13:37:56: 目前是第80页的第23个帖子
2024-10-24 13:39:06: 目前是第80页的第24个帖子
2024-10-24 13:40:46: 目前是第80页的第25个帖子
2024-10-24 13:42:29: 目前是第81页的第1个帖子
2024-10-24 13:43:53: 目前是第81页的第2个帖子
2024-10-24 13:45:08: 目前是第81页的第3个帖子
2024-10-24 13:46:35: 目前是第81页的第4个帖子
2024-10-24 13:47:59: 目前是第81页的第5个帖子
2024-10-24 13:49:45: 目前是第81页的第6个帖子
2024-10-24 13:51:07: 目前是第81页的第7个帖子
2024-10-24 13:52:16: 目前是第81页的第8个帖子
2024-10-24 13:53:42: 目前是第81页的第9个帖子
2024-10-24 13:55:58: 目前是第81页的第10个帖子
2024-10-24 13:57:06: 目前是第81页的第11个帖子
2024-10-24 13:58:22: 目前是第81页的第12个帖子
2024-10-24 13:59:51: 目前是第81页的第13个帖子
2024-10-24 14:01:06: 目前是第81页的第14个帖子
2024-10-24 14:02:11: 目前是第81页的第15个帖子
2024-10-24 14:03:24: 目前是第81页的第16个帖子
2024-10-24 14:06:41: 目前是第81页的第17个帖子
2024-10-24 14:07:55: 目前是第81页的第18个帖子
2024-10-24 14:09:17: 目前是第81页的第19个帖子
2024-10-24 14:10:56: 目前是第81页的第20个帖子
2024-10-24 14:12:10: 目前是第81页的第21个帖子
2024-10-24 14:13:30: 目前是第81页的第22个帖子
2024-10-24 14:14:37: 目前是第81页的第23个帖子
2024-10-24 14:15:55: 目前是第81页的第24个帖子
2024-10-24 14:17:02: 目前是第81页的第25个帖子
2024-10-24 14:19:48: 目前是第82页的第1个帖子
2024-10-24 14:21:05: 目前是第82页的第2个帖子
2024-10-24 14:22:15: 目前是第82页的第3个帖子
2024-10-24 14:23:26: 目前是第82页的第4个帖子
2024-10-24 14:24:38: 目前是第82页的第5个帖子
2024-10-24 14:25:45: 目前是第82页的第6个帖子
2024-10-24 14:27:38: 目前是第82页的第7个帖子
2024-10-24 14:28:48: 目前是第82页的第8个帖子
2024-10-24 14:29:54: 目前是第82页的第9个帖子
2024-10-24 14:31:32: 目前是第82页的第10个帖子
2024-10-24 14:33:03: 目前是第82页的第11个帖子
2024-10-24 14:34:40: 目前是第82页的第12个帖子
2024-10-24 14:37:32: 目前是第82页的第13个帖子
2024-10-24 14:39:05: 目前是第82页的第14个帖子
2024-10-24 14:40:28: 目前是第82页的第15个帖子
2024-10-24 14:42:03: 目前是第82页的第16个帖子
2024-10-24 14:43:10: 目前是第82页的第17个帖子
2024-10-24 14:44:24: 目前是第82页的第18个帖子
2024-10-24 14:45:37: 目前是第82页的第19个帖子
2024-10-24 14:46:47: 目前是第82页的第20个帖子
2024-10-24 14:47:52: 目前是第82页的第21个帖子
2024-10-24 14:48:58: 目前是第82页的第22个帖子
2024-10-24 14:56:40: 目前是第82页的第23个帖子
2024-10-24 14:58:00: 目前是第82页的第24个帖子
2024-10-24 14:59:48: 目前是第82页的第25个帖子
2024-10-24 15:01:44: 目前是第83页的第1个帖子
2024-10-24 15:03:00: 目前是第83页的第2个帖子
2024-10-24 15:03:53: 目前是第83页的第3个帖子
2024-10-24 15:05:29: 目前是第83页的第4个帖子
2024-10-24 15:06:56: 目前是第83页的第5个帖子
2024-10-24 15:08:12: 目前是第83页的第6个帖子
2024-10-24 15:09:39: 目前是第83页的第7个帖子
2024-10-24 15:11:32: 目前是第83页的第8个帖子
2024-10-24 15:12:23: 目前是第83页的第9个帖子
2024-10-24 15:13:31: 目前是第83页的第10个帖子
2024-10-24 15:15:17: 目前是第83页的第11个帖子
2024-10-24 15:16:44: 目前是第83页的第12个帖子
2024-10-24 15:18:30: 目前是第83页的第13个帖子
2024-10-24 15:19:40: 目前是第83页的第14个帖子
2024-10-24 15:21:11: 目前是第83页的第15个帖子
2024-10-24 15:22:22: 目前是第83页的第16个帖子
2024-10-24 15:23:32: 目前是第83页的第17个帖子
2024-10-24 15:24:51: 目前是第83页的第18个帖子
2024-10-24 15:26:11: 目前是第83页的第19个帖子
2024-10-24 15:27:51: 目前是第83页的第20个帖子
2024-10-24 15:29:17: 目前是第83页的第21个帖子
2024-10-24 15:32:18: 目前是第83页的第22个帖子
2024-10-24 15:33:46: 目前是第83页的第23个帖子
2024-10-24 15:35:03: 目前是第83页的第24个帖子
2024-10-24 15:38:04: 目前是第83页的第25个帖子
2024-10-24 15:40:05: 目前是第84页的第1个帖子
2024-10-24 15:41:21: 目前是第84页的第2个帖子
2024-10-24 15:42:43: 目前是第84页的第3个帖子
2024-10-24 15:44:25: 目前是第84页的第4个帖子
2024-10-24 15:45:42: 目前是第84页的第5个帖子
2024-10-24 15:47:02: 目前是第84页的第6个帖子
2024-10-24 15:48:14: 目前是第84页的第7个帖子
2024-10-24 15:49:29: 目前是第84页的第8个帖子
2024-10-24 15:50:37: 目前是第84页的第9个帖子
2024-10-24 15:51:52: 目前是第84页的第10个帖子
2024-10-24 15:53:00: 目前是第84页的第11个帖子
2024-10-24 15:54:32: 目前是第84页的第12个帖子
2024-10-24 15:57:42: 目前是第84页的第13个帖子
2024-10-24 15:59:25: 目前是第84页的第14个帖子
2024-10-24 16:00:38: 目前是第84页的第15个帖子
2024-10-24 16:01:50: 目前是第84页的第16个帖子
2024-10-24 16:06:46: 目前是第84页的第17个帖子
2024-10-24 16:07:52: 目前是第84页的第18个帖子
2024-10-24 16:09:02: 目前是第84页的第19个帖子
2024-10-24 16:10:21: 目前是第84页的第20个帖子
2024-10-24 16:11:39: 目前是第84页的第21个帖子
2024-10-24 16:13:21: 目前是第84页的第22个帖子
2024-10-24 16:14:37: 目前是第84页的第23个帖子
2024-10-24 16:15:56: 目前是第84页的第24个帖子
2024-10-24 16:17:06: 目前是第84页的第25个帖子
2024-10-24 16:18:43: 目前是第85页的第1个帖子
2024-10-24 16:20:09: 目前是第85页的第2个帖子
2024-10-24 16:21:26: 目前是第85页的第3个帖子
2024-10-24 16:23:41: 目前是第85页的第4个帖子
2024-10-24 16:25:07: 目前是第85页的第5个帖子
2024-10-24 16:26:17: 目前是第85页的第6个帖子
2024-10-24 16:27:51: 目前是第85页的第7个帖子
2024-10-24 16:29:14: 目前是第85页的第8个帖子
2024-10-24 16:30:37: 目前是第85页的第9个帖子
2024-10-24 16:31:52: 目前是第85页的第10个帖子
2024-10-24 16:33:03: 目前是第85页的第11个帖子
2024-10-24 16:34:24: 目前是第85页的第12个帖子
2024-10-24 16:35:46: 目前是第85页的第13个帖子
2024-10-24 16:37:00: 目前是第85页的第14个帖子
2024-10-24 16:42:55: 目前是第85页的第15个帖子
2024-10-24 16:44:15: 目前是第85页的第16个帖子
2024-10-24 16:45:41: 目前是第85页的第17个帖子
2024-10-24 16:46:55: 目前是第85页的第18个帖子
2024-10-24 16:48:14: 目前是第85页的第19个帖子
2024-10-24 16:50:00: 目前是第85页的第20个帖子
2024-10-24 16:51:05: 目前是第85页的第21个帖子
2024-10-24 16:52:13: 目前是第85页的第22个帖子
2024-10-24 16:53:26: 目前是第85页的第23个帖子
2024-10-24 16:54:44: 目前是第85页的第24个帖子
2024-10-24 16:56:01: 目前是第85页的第25个帖子
2024-10-24 16:58:27: 目前是第86页的第1个帖子
2024-10-24 16:59:50: 目前是第86页的第2个帖子
2024-10-24 17:01:19: 目前是第86页的第3个帖子
2024-10-24 17:03:23: 目前是第86页的第4个帖子
2024-10-24 17:04:33: 目前是第86页的第5个帖子
2024-10-24 17:05:52: 目前是第86页的第6个帖子
2024-10-24 17:07:03: 目前是第86页的第7个帖子
2024-10-24 17:08:23: 目前是第86页的第8个帖子
2024-10-24 17:09:56: 目前是第86页的第9个帖子
2024-10-24 17:11:28: 目前是第86页的第10个帖子
2024-10-24 17:13:04: 目前是第86页的第11个帖子
2024-10-24 17:14:46: 目前是第86页的第12个帖子
2024-10-24 17:22:19: 目前是第86页的第13个帖子
2024-10-24 17:27:17: 目前是第86页的第14个帖子
2024-10-24 17:29:08: 目前是第86页的第15个帖子
2024-10-24 17:31:08: 目前是第86页的第16个帖子
2024-10-24 17:32:55: 目前是第86页的第17个帖子
2024-10-24 17:34:08: 目前是第86页的第18个帖子
2024-10-24 17:35:29: 目前是第86页的第19个帖子
2024-10-24 17:37:01: 目前是第86页的第20个帖子
2024-10-24 17:41:13: 目前是第86页的第21个帖子
2024-10-24 17:42:36: 目前是第86页的第22个帖子
2024-10-24 17:44:27: 目前是第86页的第23个帖子
2024-10-24 17:47:03: 目前是第86页的第24个帖子
2024-10-24 17:48:22: 目前是第86页的第25个帖子
2024-10-24 17:49:48: 目前是第87页的第1个帖子
2024-10-24 17:51:12: 目前是第87页的第2个帖子
2024-10-24 17:52:27: 目前是第87页的第3个帖子
2024-10-24 17:53:45: 目前是第87页的第4个帖子
2024-10-24 17:55:15: 目前是第87页的第5个帖子
2024-10-24 17:56:31: 目前是第87页的第6个帖子
2024-10-24 17:57:57: 目前是第87页的第7个帖子
2024-10-24 18:00:32: 目前是第87页的第8个帖子
2024-10-24 18:01:55: 目前是第87页的第9个帖子
2024-10-24 18:03:16: 目前是第87页的第10个帖子
2024-10-24 18:04:11: 目前是第87页的第11个帖子
2024-10-24 18:06:11: 目前是第87页的第12个帖子
2024-10-24 18:07:44: 目前是第87页的第13个帖子
2024-10-24 18:08:58: 目前是第87页的第14个帖子
2024-10-24 18:10:14: 目前是第87页的第15个帖子
2024-10-24 18:11:25: 目前是第87页的第16个帖子
2024-10-24 18:12:50: 目前是第87页的第17个帖子
2024-10-24 18:17:13: 目前是第87页的第18个帖子
2024-10-24 18:18:35: 目前是第87页的第19个帖子
2024-10-24 18:20:11: 目前是第87页的第20个帖子
2024-10-24 18:22:04: 目前是第87页的第21个帖子
2024-10-24 18:23:11: 目前是第87页的第22个帖子
2024-10-24 18:28:56: 目前是第87页的第23个帖子
2024-10-24 18:30:19: 目前是第87页的第24个帖子
2024-10-24 18:31:49: 目前是第87页的第25个帖子
2024-10-24 18:33:46: 目前是第88页的第1个帖子
2024-10-24 18:35:10: 目前是第88页的第2个帖子
2024-10-24 18:36:33: 目前是第88页的第3个帖子
2024-10-24 18:37:49: 目前是第88页的第4个帖子
2024-10-24 18:39:05: 目前是第88页的第5个帖子
2024-10-24 18:40:32: 目前是第88页的第6个帖子
2024-10-24 18:41:48: 目前是第88页的第7个帖子
2024-10-24 18:43:08: 目前是第88页的第8个帖子
2024-10-24 18:44:31: 目前是第88页的第9个帖子
2024-10-24 18:45:53: 目前是第88页的第10个帖子
2024-10-24 18:47:26: 目前是第88页的第11个帖子
2024-10-24 18:49:11: 目前是第88页的第12个帖子
!!!!!!!!!!!!!!!!!!!!!!!!!!!!!!
2024-10-24 18:50:03: 403 Forbidden！----------目前已有40159条数据
!!!!!!!!!!!!!!!!!!!!!!!!!!!!!!
在2024-10-24 18:50:04时刻: 已有40159条数据
------------------------------
2024-10-24 20:00:46 开始运行
------------------------------
!!!!!!!!!!!!!!!!!!!!!!!!!!!!!!
2024-10-24 20:00:50: 403 Forbidden！----------目前已有40159条数据
!!!!!!!!!!!!!!!!!!!!!!!!!!!!!!
------------------------------
2024-10-24 20:01:00 开始运行
------------------------------
!!!!!!!!!!!!!!!!!!!!!!!!!!!!!!
2024-10-24 20:01:03: 403 Forbidden！----------目前已有40159条数据
!!!!!!!!!!!!!!!!!!!!!!!!!!!!!!
------------------------------
2024-10-24 20:01:18 开始运行
------------------------------
!!!!!!!!!!!!!!!!!!!!!!!!!!!!!!
2024-10-24 20:01:32: 403 Forbidden！----------目前已有40159条数据
!!!!!!!!!!!!!!!!!!!!!!!!!!!!!!
------------------------------
2024-10-24 20:01:46 开始运行
------------------------------
!!!!!!!!!!!!!!!!!!!!!!!!!!!!!!
2024-10-24 20:02:01: 403 Forbidden！----------目前已有40159条数据
!!!!!!!!!!!!!!!!!!!!!!!!!!!!!!
------------------------------
2024-10-24 20:20:16 开始运行
------------------------------
在2024-10-24 20:20:58程序开始时刻: 已有40159条数据
2024-10-24 20:21:08: 目前是第88页的第13个帖子
2024-10-24 20:22:16: 目前是第88页的第14个帖子
2024-10-24 20:23:44: 目前是第88页的第15个帖子
2024-10-24 20:24:58: 目前是第88页的第16个帖子
2024-10-24 20:28:20: 目前是第88页的第17个帖子
2024-10-24 20:28:40: 目前是第88页的第18个帖子
2024-10-24 20:29:00: 目前是第88页的第19个帖子
2024-10-24 20:29:24: 目前是第88页的第20个帖子
2024-10-24 20:29:44: 目前是第88页的第21个帖子
2024-10-24 20:30:04: 目前是第88页的第22个帖子
2024-10-24 20:32:47: 目前是第88页的第23个帖子
2024-10-24 20:34:25: 目前是第88页的第24个帖子
2024-10-24 20:35:50: 目前是第88页的第25个帖子
2024-10-24 20:37:34: 目前是第89页的第1个帖子
2024-10-24 20:39:01: 目前是第89页的第2个帖子
2024-10-24 20:40:35: 目前是第89页的第3个帖子
2024-10-24 20:42:01: 目前是第89页的第4个帖子
2024-10-24 20:44:50: 目前是第89页的第5个帖子
2024-10-24 20:46:04: 目前是第89页的第6个帖子
2024-10-24 20:47:12: 目前是第89页的第7个帖子
2024-10-24 20:48:38: 目前是第89页的第8个帖子
2024-10-24 20:50:02: 目前是第89页的第9个帖子
2024-10-24 20:50:53: 目前是第89页的第10个帖子
------------------------------
2024-10-24 23:05:05 开始运行
------------------------------
------------------------------
2024-10-24 23:07:04 开始运行
------------------------------
在2024-10-24 23:07:48程序开始时刻: 已有40433条数据
2024-10-24 23:07:59: 目前是第89页的第11个帖子
2024-10-24 23:09:21: 目前是第89页的第12个帖子
2024-10-24 23:10:31: 目前是第89页的第13个帖子
2024-10-24 23:11:40: 目前是第89页的第14个帖子
2024-10-24 23:12:59: 目前是第89页的第15个帖子
2024-10-24 23:14:16: 目前是第89页的第16个帖子
2024-10-24 23:18:22: 目前是第89页的第17个帖子
2024-10-24 23:19:40: 目前是第89页的第18个帖子
2024-10-24 23:21:05: 目前是第89页的第19个帖子
2024-10-24 23:22:18: 目前是第89页的第20个帖子
2024-10-24 23:23:30: 目前是第89页的第21个帖子
2024-10-24 23:24:51: 目前是第89页的第22个帖子
2024-10-24 23:26:06: 目前是第89页的第23个帖子
2024-10-24 23:27:17: 目前是第89页的第24个帖子
2024-10-24 23:28:35: 目前是第89页的第25个帖子
2024-10-24 23:30:08: 目前是第90页的第1个帖子
2024-10-24 23:31:28: 目前是第90页的第2个帖子
2024-10-24 23:32:49: 目前是第90页的第3个帖子
2024-10-24 23:33:56: 目前是第90页的第4个帖子
2024-10-24 23:36:09: 目前是第90页的第5个帖子
2024-10-24 23:38:17: 目前是第90页的第6个帖子
2024-10-24 23:39:30: 目前是第90页的第7个帖子
2024-10-24 23:40:45: 目前是第90页的第8个帖子
2024-10-24 23:42:06: 目前是第90页的第9个帖子
2024-10-24 23:43:18: 目前是第90页的第10个帖子
2024-10-24 23:44:29: 目前是第90页的第11个帖子
2024-10-24 23:47:34: 目前是第90页的第12个帖子
2024-10-24 23:49:14: 目前是第90页的第13个帖子
2024-10-24 23:50:23: 目前是第90页的第14个帖子
2024-10-24 23:51:36: 目前是第90页的第15个帖子
2024-10-24 23:52:45: 目前是第90页的第16个帖子
2024-10-24 23:57:12: 目前是第90页的第17个帖子
2024-10-24 23:58:30: 目前是第90页的第18个帖子
2024-10-24 23:59:46: 目前是第90页的第19个帖子
2024-10-25 00:01:15: 目前是第90页的第20个帖子
2024-10-25 00:02:20: 目前是第90页的第21个帖子
2024-10-25 00:03:38: 目前是第90页的第22个帖子
2024-10-25 00:04:48: 目前是第90页的第23个帖子
2024-10-25 00:06:45: 目前是第90页的第24个帖子
2024-10-25 00:10:45: 目前是第90页的第25个帖子
2024-10-25 00:12:10: 目前是第91页的第1个帖子
2024-10-25 00:13:33: 目前是第91页的第2个帖子
2024-10-25 00:14:41: 目前是第91页的第3个帖子
2024-10-25 00:16:11: 目前是第91页的第4个帖子
2024-10-25 00:17:21: 目前是第91页的第5个帖子
2024-10-25 00:18:28: 目前是第91页的第6个帖子
2024-10-25 00:19:43: 目前是第91页的第7个帖子
2024-10-25 00:20:58: 目前是第91页的第8个帖子
2024-10-25 00:22:16: 目前是第91页的第9个帖子
2024-10-25 00:23:32: 目前是第91页的第10个帖子
2024-10-25 00:24:52: 目前是第91页的第11个帖子
2024-10-25 00:26:15: 目前是第91页的第12个帖子
2024-10-25 00:34:12: 目前是第91页的第13个帖子
2024-10-25 00:35:29: 目前是第91页的第14个帖子
2024-10-25 00:36:39: 目前是第91页的第15个帖子
2024-10-25 00:38:28: 目前是第91页的第16个帖子
2024-10-25 00:40:18: 目前是第91页的第17个帖子
2024-10-25 00:41:30: 目前是第91页的第18个帖子
2024-10-25 00:42:45: 目前是第91页的第19个帖子
2024-10-25 00:45:32: 目前是第91页的第20个帖子
2024-10-25 00:47:00: 目前是第91页的第21个帖子
2024-10-25 00:48:07: 目前是第91页的第22个帖子
2024-10-25 00:49:22: 目前是第91页的第23个帖子
2024-10-25 00:50:38: 目前是第91页的第24个帖子
2024-10-25 00:52:02: 目前是第91页的第25个帖子
2024-10-25 00:54:03: 目前是第92页的第1个帖子
2024-10-25 00:55:15: 目前是第92页的第2个帖子
2024-10-25 00:56:24: 目前是第92页的第3个帖子
2024-10-25 00:56:44: 目前是第92页的第4个帖子
2024-10-25 00:57:04: 目前是第92页的第5个帖子
2024-10-25 00:57:24: 目前是第92页的第6个帖子
2024-10-25 00:57:44: 目前是第92页的第7个帖子
2024-10-25 00:58:04: 目前是第92页的第8个帖子
2024-10-25 00:58:24: 目前是第92页的第9个帖子
2024-10-25 00:58:44: 目前是第92页的第10个帖子
2024-10-25 00:59:04: 目前是第92页的第11个帖子
2024-10-25 00:59:24: 目前是第92页的第12个帖子
2024-10-25 00:59:44: 目前是第92页的第13个帖子
2024-10-25 01:00:04: 目前是第92页的第14个帖子
2024-10-25 01:00:24: 目前是第92页的第15个帖子
2024-10-25 01:00:44: 目前是第92页的第16个帖子
2024-10-25 01:01:04: 目前是第92页的第17个帖子
2024-10-25 01:01:25: 目前是第92页的第18个帖子
2024-10-25 01:01:45: 目前是第92页的第19个帖子
2024-10-25 01:02:05: 目前是第92页的第20个帖子
2024-10-25 01:02:25: 目前是第92页的第21个帖子
2024-10-25 01:02:45: 目前是第92页的第22个帖子
2024-10-25 01:03:05: 目前是第92页的第23个帖子
2024-10-25 01:03:25: 目前是第92页的第24个帖子
2024-10-25 01:03:45: 目前是第92页的第25个帖子
在2024-10-25 01:04:15时刻: 已有41986条数据
!!!!!!!!!!!!!!!!!!!!!!!!!!!!!!
2024-10-25 01:04:18: 403 Forbidden！----------目前已有41986条数据
!!!!!!!!!!!!!!!!!!!!!!!!!!!!!!
