------------------------------
2025-04-09 11:49:12 开始运行
------------------------------
------------------------------
2025-04-09 12:25:02 开始运行
------------------------------
在2025-04-09 12:25:37程序开始时刻: 已有47084条数据
2025-04-09 12:26:03: 目前是第143页的第1个帖子
2025-04-09 12:38:47: 目前是第143页的第2个帖子
2025-04-09 12:40:25: 目前是第143页的第3个帖子
2025-04-09 12:42:04: 目前是第143页的第4个帖子
2025-04-09 12:58:12: 目前是第143页的第5个帖子
2025-04-09 12:59:50: 目前是第143页的第6个帖子
2025-04-09 13:01:23: 目前是第143页的第7个帖子
2025-04-09 13:03:11: 目前是第143页的第8个帖子
2025-04-09 13:04:59: 目前是第143页的第9个帖子
2025-04-09 13:06:22: 目前是第143页的第10个帖子
2025-04-09 13:08:56: 目前是第143页的第11个帖子
2025-04-09 13:11:04: 目前是第143页的第12个帖子
------------------------------
2025-04-09 13:28:43 开始运行
------------------------------
在2025-04-09 13:29:08程序开始时刻: 已有47500条数据
2025-04-09 13:29:19: 目前是第143页的第13个帖子

重新开始、存入hack_data
2025-04-09 13:35:19: 目前是第1页的第1个帖子
------------------------------
2025-04-09 13:36:00 开始运行
------------------------------
在2025-04-09 13:36:25程序开始时刻: 已有0条数据
2025-04-09 13:36:43: 目前是第1页的第2个帖子
2025-04-09 13:38:28: 目前是第1页的第3个帖子
------------------------------
2025-04-09 13:40:13 开始运行
------------------------------
------------------------------
2025-04-09 13:43:06 开始运行
------------------------------
在2025-04-09 13:43:30程序开始时刻: 已有10条数据
2025-04-09 13:43:49: 目前是第1页的第4个帖子
2025-04-09 13:45:17: 目前是第1页的第5个帖子
2025-04-09 13:46:28: 目前是第1页的第6个帖子
2025-04-09 13:50:45: 目前是第1页的第7个帖子
2025-04-09 13:53:19: 目前是第1页的第8个帖子
2025-04-09 13:55:27: 目前是第1页的第9个帖子
2025-04-09 13:57:04: 目前是第1页的第10个帖子
2025-04-09 13:58:32: 目前是第1页的第11个帖子
2025-04-09 14:04:01: 目前是第1页的第12个帖子
2025-04-09 14:06:23: 目前是第1页的第13个帖子
2025-04-09 14:15:39: 目前是第1页的第14个帖子
2025-04-09 14:20:30: 目前是第1页的第15个帖子
2025-04-09 14:24:46: 目前是第1页的第16个帖子
2025-04-09 14:32:20: 目前是第1页的第17个帖子
2025-04-09 14:35:23: 目前是第1页的第18个帖子
2025-04-09 14:44:14: 目前是第1页的第19个帖子
2025-04-09 14:47:20: 目前是第1页的第20个帖子
2025-04-09 14:48:47: 目前是第1页的第21个帖子
2025-04-09 14:52:16: 目前是第1页的第22个帖子
2025-04-09 14:56:57: 目前是第1页的第23个帖子
2025-04-09 15:06:52: 目前是第1页的第24个帖子
2025-04-09 15:15:37: 目前是第1页的第25个帖子
2025-04-09 15:17:58: 目前是第2页的第1个帖子
2025-04-09 15:21:34: 目前是第2页的第2个帖子
2025-04-09 15:24:50: 目前是第2页的第3个帖子
2025-04-09 15:29:00: 目前是第2页的第4个帖子
------------------------------
2025-04-09 15:31:04 开始运行
------------------------------
在2025-04-09 15:31:29程序开始时刻: 已有789条数据
2025-04-09 15:31:44: 目前是第2页的第5个帖子
2025-04-09 15:35:34: 目前是第2页的第6个帖子
2025-04-09 15:46:13: 目前是第2页的第7个帖子
2025-04-09 15:49:49: 目前是第2页的第8个帖子
2025-04-09 15:55:36: 目前是第2页的第9个帖子
2025-04-09 15:58:20: 目前是第2页的第10个帖子
2025-04-09 16:01:51: 目前是第2页的第11个帖子
2025-04-09 16:24:16: 目前是第2页的第12个帖子
2025-04-09 16:27:15: 目前是第2页的第13个帖子
2025-04-09 16:28:51: 目前是第2页的第14个帖子
2025-04-09 16:47:18: 目前是第2页的第15个帖子
2025-04-09 16:48:40: 目前是第2页的第16个帖子
2025-04-09 16:51:03: 目前是第2页的第17个帖子
2025-04-09 16:55:48: 目前是第2页的第18个帖子
2025-04-09 16:57:04: 目前是第2页的第19个帖子
2025-04-09 17:18:35: 目前是第2页的第20个帖子
2025-04-09 17:24:06: 目前是第2页的第21个帖子
2025-04-09 17:30:28: 目前是第2页的第22个帖子
2025-04-09 17:34:52: 目前是第2页的第23个帖子
2025-04-09 17:37:40: 目前是第2页的第24个帖子
2025-04-09 18:09:12: 目前是第2页的第25个帖子
------------------------------
2025-04-09 20:45:54 开始运行
------------------------------
在2025-04-09 20:46:18程序开始时刻: 已有1847条数据
2025-04-09 20:47:08: 目前是第3页的第1个帖子
2025-04-09 20:49:15: 目前是第3页的第2个帖子
2025-04-09 20:50:37: 目前是第3页的第3个帖子
2025-04-09 20:55:42: 目前是第3页的第4个帖子
2025-04-09 21:00:07: 目前是第3页的第5个帖子
2025-04-09 21:01:34: 目前是第3页的第6个帖子
2025-04-09 21:07:35: 目前是第3页的第7个帖子
2025-04-09 21:15:34: 目前是第3页的第8个帖子
2025-04-09 21:18:22: 目前是第3页的第9个帖子
2025-04-09 21:20:56: 目前是第3页的第10个帖子
2025-04-09 21:26:32: 目前是第3页的第11个帖子
2025-04-09 21:33:41: 目前是第3页的第12个帖子
2025-04-09 21:47:17: 目前是第3页的第13个帖子
2025-04-09 21:49:39: 目前是第3页的第14个帖子
2025-04-09 21:59:08: 目前是第3页的第15个帖子
2025-04-09 22:25:46: 目前是第3页的第16个帖子
2025-04-09 22:32:55: 目前是第3页的第17个帖子
2025-04-09 22:34:37: 目前是第3页的第18个帖子
2025-04-09 22:36:09: 目前是第3页的第19个帖子
2025-04-09 22:38:01: 目前是第3页的第20个帖子
2025-04-09 22:44:12: 目前是第3页的第21个帖子
2025-04-09 22:45:39: 目前是第3页的第22个帖子
2025-04-09 22:47:21: 目前是第3页的第23个帖子
2025-04-09 22:49:08: 目前是第3页的第24个帖子
2025-04-09 22:50:25: 目前是第3页的第25个帖子
2025-04-09 23:02:59: 目前是第4页的第1个帖子
2025-04-09 23:05:52: 目前是第4页的第2个帖子
2025-04-09 23:08:36: 目前是第4页的第3个帖子
2025-04-09 23:17:19: 目前是第4页的第4个帖子
2025-04-09 23:19:46: 目前是第4页的第5个帖子
2025-04-09 23:20:06: 目前是第4页的第6个帖子
2025-04-09 23:20:26: 目前是第4页的第7个帖子
2025-04-09 23:20:47: 目前是第4页的第8个帖子
2025-04-09 23:21:07: 目前是第4页的第9个帖子
2025-04-09 23:21:27: 目前是第4页的第10个帖子
2025-04-09 23:21:47: 目前是第4页的第11个帖子
2025-04-09 23:22:07: 目前是第4页的第12个帖子
2025-04-09 23:22:27: 目前是第4页的第13个帖子
2025-04-09 23:22:47: 目前是第4页的第14个帖子
2025-04-09 23:23:07: 目前是第4页的第15个帖子
2025-04-09 23:23:27: 目前是第4页的第16个帖子
2025-04-09 23:23:47: 目前是第4页的第17个帖子
2025-04-09 23:24:07: 目前是第4页的第18个帖子
