------------------------------
2025-04-04 17:37:26 开始运行
------------------------------
------------------------------
2025-04-04 17:45:02 开始运行
------------------------------
------------------------------
2025-04-04 17:50:20 开始运行
------------------------------
------------------------------
2025-04-04 17:57:34 开始运行
------------------------------
------------------------------
2025-04-04 18:05:37 开始运行
------------------------------
------------------------------
2025-04-04 18:06:54 开始运行
------------------------------
!!!!!!!!!!!!!!!!!!!!!!!!!!!!!!
2025-04-04 18:08:16: 403 Forbidden！----------目前已有41986条数据
!!!!!!!!!!!!!!!!!!!!!!!!!!!!!!
------------------------------
2025-04-04 18:08:33 开始运行
------------------------------
------------------------------
2025-04-04 18:09:03 开始运行
------------------------------
在2025-04-04 18:10:03程序开始时刻: 已有41986条数据
------------------------------
2025-04-04 18:14:31 开始运行
------------------------------
在2025-04-04 18:14:53程序开始时刻: 已有41986条数据
2025-04-04 18:15:27: 目前是第93页的第1个帖子
------------------------------
2025-04-04 18:20:31 开始运行
------------------------------
------------------------------
2025-04-04 18:22:37 开始运行
------------------------------
在2025-04-04 18:23:00程序开始时刻: 已有41986条数据
2025-04-04 18:23:10: 目前是第93页的第2个帖子
2025-04-04 18:28:24: 目前是第93页的第3个帖子
2025-04-04 18:29:38: 目前是第130页的第1个帖子
------------------------------
2025-04-04 18:30:11 开始运行
------------------------------
在2025-04-04 18:30:33程序开始时刻: 已有41986条数据
2025-04-04 18:30:43: 目前是第130页的第2个帖子
2025-04-04 18:31:50: 目前是第130页的第3个帖子
2025-04-04 18:33:18: 目前是第130页的第4个帖子
2025-04-04 18:34:26: 目前是第130页的第5个帖子
2025-04-04 18:35:34: 目前是第130页的第6个帖子
2025-04-04 18:36:49: 目前是第130页的第7个帖子
2025-04-04 18:38:08: 目前是第130页的第8个帖子
2025-04-04 18:40:35: 目前是第130页的第9个帖子
2025-04-04 18:41:45: 目前是第130页的第10个帖子
2025-04-04 18:42:56: 目前是第130页的第11个帖子
2025-04-04 18:44:02: 目前是第130页的第12个帖子
2025-04-04 18:46:19: 目前是第130页的第13个帖子
2025-04-04 18:47:28: 目前是第130页的第14个帖子
2025-04-04 18:48:50: 目前是第130页的第15个帖子
2025-04-04 18:51:07: 目前是第130页的第16个帖子
2025-04-04 18:52:22: 目前是第130页的第17个帖子
2025-04-04 18:53:30: 目前是第130页的第18个帖子
2025-04-04 18:55:16: 目前是第130页的第19个帖子
2025-04-04 18:56:28: 目前是第130页的第20个帖子
2025-04-04 18:57:48: 目前是第130页的第21个帖子
2025-04-04 18:59:01: 目前是第130页的第22个帖子
2025-04-04 19:00:25: 目前是第130页的第23个帖子
2025-04-04 19:03:44: 目前是第130页的第24个帖子
2025-04-04 19:04:50: 目前是第130页的第25个帖子
2025-04-04 19:06:11: 目前是第131页的第1个帖子
2025-04-04 19:07:19: 目前是第131页的第2个帖子
2025-04-04 19:08:47: 目前是第131页的第3个帖子
2025-04-04 19:10:10: 目前是第131页的第4个帖子
2025-04-04 19:11:19: 目前是第131页的第5个帖子
2025-04-04 19:12:36: 目前是第131页的第6个帖子
2025-04-04 19:14:06: 目前是第131页的第7个帖子
2025-04-04 19:15:14: 目前是第131页的第8个帖子
2025-04-04 19:16:27: 目前是第131页的第9个帖子
2025-04-04 19:18:44: 目前是第131页的第10个帖子
2025-04-04 19:19:55: 目前是第131页的第11个帖子
2025-04-04 19:21:18: 目前是第131页的第12个帖子
2025-04-04 19:22:29: 目前是第131页的第13个帖子
2025-04-04 19:24:07: 目前是第131页的第14个帖子
2025-04-04 19:25:14: 目前是第131页的第15个帖子
2025-04-04 19:26:29: 目前是第131页的第16个帖子
2025-04-04 19:27:39: 目前是第131页的第17个帖子
2025-04-04 19:29:07: 目前是第131页的第18个帖子
2025-04-04 19:30:33: 目前是第131页的第19个帖子
2025-04-04 19:31:42: 目前是第131页的第20个帖子
2025-04-04 19:32:48: 目前是第131页的第21个帖子
2025-04-04 19:34:00: 目前是第131页的第22个帖子
2025-04-04 19:36:14: 目前是第131页的第23个帖子
2025-04-04 19:37:25: 目前是第131页的第24个帖子
2025-04-04 19:38:33: 目前是第131页的第25个帖子
2025-04-04 19:41:38: 目前是第132页的第1个帖子
2025-04-04 19:43:02: 目前是第132页的第2个帖子
2025-04-04 19:44:19: 目前是第132页的第3个帖子
2025-04-04 19:45:32: 目前是第132页的第4个帖子
2025-04-04 19:46:44: 目前是第132页的第5个帖子
2025-04-04 19:47:51: 目前是第132页的第6个帖子
2025-04-04 19:49:08: 目前是第132页的第7个帖子
2025-04-04 19:50:20: 目前是第132页的第8个帖子
2025-04-04 19:51:28: 目前是第132页的第9个帖子
2025-04-04 19:52:37: 目前是第132页的第10个帖子
2025-04-04 19:53:49: 目前是第132页的第11个帖子
2025-04-04 19:54:54: 目前是第132页的第12个帖子
2025-04-04 19:56:06: 目前是第132页的第13个帖子
2025-04-04 19:57:20: 目前是第132页的第14个帖子
2025-04-04 19:58:34: 目前是第132页的第15个帖子
2025-04-04 19:59:42: 目前是第132页的第16个帖子
2025-04-04 20:00:56: 目前是第132页的第17个帖子
2025-04-04 20:02:08: 目前是第132页的第18个帖子
2025-04-04 20:03:15: 目前是第132页的第19个帖子
2025-04-04 20:04:36: 目前是第132页的第20个帖子
2025-04-04 20:05:44: 目前是第132页的第21个帖子
2025-04-04 20:07:05: 目前是第132页的第22个帖子
2025-04-04 20:08:33: 目前是第132页的第23个帖子
2025-04-04 20:09:46: 目前是第132页的第24个帖子
2025-04-04 20:11:03: 目前是第132页的第25个帖子
2025-04-04 20:12:32: 目前是第133页的第1个帖子
2025-04-04 20:14:29: 目前是第133页的第2个帖子
2025-04-04 20:16:51: 目前是第133页的第3个帖子
2025-04-04 20:18:02: 目前是第133页的第4个帖子
2025-04-04 20:19:26: 目前是第133页的第5个帖子
2025-04-04 20:20:38: 目前是第133页的第6个帖子
2025-04-04 20:23:19: 目前是第133页的第7个帖子
2025-04-04 20:24:32: 目前是第133页的第8个帖子
2025-04-04 20:25:47: 目前是第133页的第9个帖子
2025-04-04 20:27:00: 目前是第133页的第10个帖子
2025-04-04 20:28:09: 目前是第133页的第11个帖子
2025-04-04 20:29:55: 目前是第133页的第12个帖子
2025-04-04 20:31:08: 目前是第133页的第13个帖子
2025-04-04 20:32:29: 目前是第133页的第14个帖子
2025-04-04 20:33:48: 目前是第133页的第15个帖子
2025-04-04 20:34:55: 目前是第133页的第16个帖子
2025-04-04 20:36:20: 目前是第133页的第17个帖子
2025-04-04 20:45:18: 目前是第133页的第18个帖子
2025-04-04 20:47:13: 目前是第133页的第19个帖子
2025-04-04 20:48:37: 目前是第133页的第20个帖子
2025-04-04 20:49:52: 目前是第133页的第21个帖子
2025-04-04 20:51:00: 目前是第133页的第22个帖子
2025-04-04 20:52:08: 目前是第133页的第23个帖子
2025-04-04 20:53:18: 目前是第133页的第24个帖子
2025-04-04 20:54:28: 目前是第133页的第25个帖子
2025-04-04 20:56:01: 目前是第134页的第1个帖子
2025-04-04 20:57:23: 目前是第134页的第2个帖子
2025-04-04 20:58:48: 目前是第134页的第3个帖子
2025-04-04 21:00:19: 目前是第134页的第4个帖子
2025-04-04 21:04:35: 目前是第134页的第5个帖子
2025-04-04 21:05:44: 目前是第134页的第6个帖子
2025-04-04 21:06:55: 目前是第134页的第7个帖子
2025-04-04 21:08:47: 目前是第134页的第8个帖子
2025-04-04 21:10:10: 目前是第134页的第9个帖子
2025-04-04 21:11:33: 目前是第134页的第10个帖子
2025-04-04 21:12:41: 目前是第134页的第11个帖子
2025-04-04 21:13:47: 目前是第134页的第12个帖子
2025-04-04 21:14:58: 目前是第134页的第13个帖子
2025-04-04 21:16:14: 目前是第134页的第14个帖子
2025-04-04 21:17:26: 目前是第134页的第15个帖子
2025-04-04 21:18:34: 目前是第134页的第16个帖子
2025-04-04 21:19:42: 目前是第134页的第17个帖子
2025-04-04 21:20:54: 目前是第134页的第18个帖子
2025-04-04 21:22:00: 目前是第134页的第19个帖子
2025-04-04 21:24:27: 目前是第134页的第20个帖子
2025-04-04 21:26:49: 目前是第134页的第21个帖子
2025-04-04 21:29:25: 目前是第134页的第22个帖子
2025-04-04 21:30:59: 目前是第134页的第23个帖子
2025-04-04 21:32:04: 目前是第134页的第24个帖子
2025-04-04 21:33:19: 目前是第134页的第25个帖子
2025-04-04 21:34:44: 目前是第135页的第1个帖子
2025-04-04 21:35:59: 目前是第135页的第2个帖子
2025-04-04 21:37:47: 目前是第135页的第3个帖子
2025-04-04 21:39:00: 目前是第135页的第4个帖子
2025-04-04 21:40:11: 目前是第135页的第5个帖子
2025-04-04 21:41:40: 目前是第135页的第6个帖子
2025-04-04 21:42:50: 目前是第135页的第7个帖子
2025-04-04 21:44:17: 目前是第135页的第8个帖子
2025-04-04 21:45:25: 目前是第135页的第9个帖子
2025-04-04 21:46:40: 目前是第135页的第10个帖子
2025-04-04 21:47:58: 目前是第135页的第11个帖子
2025-04-04 21:49:09: 目前是第135页的第12个帖子
2025-04-04 21:50:15: 目前是第135页的第13个帖子
2025-04-04 21:51:21: 目前是第135页的第14个帖子
2025-04-04 21:52:29: 目前是第135页的第15个帖子
2025-04-04 21:53:45: 目前是第135页的第16个帖子
2025-04-04 21:54:58: 目前是第135页的第17个帖子
2025-04-04 21:56:15: 目前是第135页的第18个帖子
2025-04-04 21:57:50: 目前是第135页的第19个帖子
2025-04-04 21:59:09: 目前是第135页的第20个帖子
2025-04-04 22:00:20: 目前是第135页的第21个帖子
2025-04-04 22:01:30: 目前是第135页的第22个帖子
2025-04-04 22:03:10: 目前是第135页的第23个帖子
2025-04-04 22:04:24: 目前是第135页的第24个帖子
2025-04-04 22:05:43: 目前是第135页的第25个帖子
2025-04-04 22:07:11: 目前是第136页的第1个帖子
2025-04-04 22:08:28: 目前是第136页的第2个帖子
2025-04-04 22:09:41: 目前是第136页的第3个帖子
2025-04-04 22:10:55: 目前是第136页的第4个帖子
2025-04-04 22:14:10: 目前是第136页的第5个帖子
2025-04-04 22:15:31: 目前是第136页的第6个帖子
2025-04-04 22:16:45: 目前是第136页的第7个帖子
2025-04-04 22:17:59: 目前是第136页的第8个帖子
2025-04-04 22:19:09: 目前是第136页的第9个帖子
2025-04-04 22:21:08: 目前是第136页的第10个帖子
2025-04-04 22:22:18: 目前是第136页的第11个帖子
2025-04-04 22:25:15: 目前是第136页的第12个帖子
2025-04-04 22:26:25: 目前是第136页的第13个帖子
2025-04-04 22:27:34: 目前是第136页的第14个帖子
2025-04-04 22:28:46: 目前是第136页的第15个帖子
2025-04-04 22:30:11: 目前是第136页的第16个帖子
2025-04-04 22:31:26: 目前是第136页的第17个帖子
2025-04-04 22:32:43: 目前是第136页的第18个帖子
2025-04-04 22:33:56: 目前是第136页的第19个帖子
2025-04-04 22:40:42: 目前是第136页的第20个帖子
2025-04-04 22:41:57: 目前是第136页的第21个帖子
2025-04-04 22:43:11: 目前是第136页的第22个帖子
2025-04-04 22:44:24: 目前是第136页的第23个帖子
2025-04-04 22:46:40: 目前是第136页的第24个帖子
2025-04-04 22:47:52: 目前是第136页的第25个帖子
2025-04-04 22:49:30: 目前是第137页的第1个帖子
2025-04-04 22:50:41: 目前是第137页的第2个帖子
2025-04-04 22:51:48: 目前是第137页的第3个帖子
2025-04-04 22:53:00: 目前是第137页的第4个帖子
2025-04-04 22:54:08: 目前是第137页的第5个帖子
2025-04-04 22:55:38: 目前是第137页的第6个帖子
2025-04-04 22:56:48: 目前是第137页的第7个帖子
2025-04-04 22:57:57: 目前是第137页的第8个帖子
2025-04-04 22:59:11: 目前是第137页的第9个帖子
2025-04-04 23:00:18: 目前是第137页的第10个帖子
2025-04-04 23:01:27: 目前是第137页的第11个帖子
2025-04-04 23:02:46: 目前是第137页的第12个帖子
2025-04-04 23:03:55: 目前是第137页的第13个帖子
2025-04-04 23:05:30: 目前是第137页的第14个帖子
2025-04-04 23:06:38: 目前是第137页的第15个帖子
2025-04-04 23:07:52: 目前是第137页的第16个帖子
2025-04-04 23:08:59: 目前是第137页的第17个帖子
2025-04-04 23:10:07: 目前是第137页的第18个帖子
2025-04-04 23:11:16: 目前是第137页的第19个帖子
2025-04-04 23:12:24: 目前是第137页的第20个帖子
2025-04-04 23:13:49: 目前是第137页的第21个帖子
2025-04-04 23:14:56: 目前是第137页的第22个帖子
2025-04-04 23:16:07: 目前是第137页的第23个帖子
2025-04-04 23:17:16: 目前是第137页的第24个帖子
2025-04-04 23:18:28: 目前是第137页的第25个帖子
2025-04-04 23:19:59: 目前是第138页的第1个帖子
2025-04-04 23:21:05: 目前是第138页的第2个帖子
2025-04-04 23:22:15: 目前是第138页的第3个帖子
2025-04-04 23:23:57: 目前是第138页的第4个帖子
2025-04-04 23:25:15: 目前是第138页的第5个帖子
2025-04-04 23:26:37: 目前是第138页的第6个帖子
2025-04-04 23:27:55: 目前是第138页的第7个帖子
2025-04-04 23:29:13: 目前是第138页的第8个帖子
2025-04-04 23:30:22: 目前是第138页的第9个帖子
2025-04-04 23:31:54: 目前是第138页的第10个帖子
2025-04-04 23:33:43: 目前是第138页的第11个帖子
2025-04-04 23:34:53: 目前是第138页的第12个帖子
2025-04-04 23:36:11: 目前是第138页的第13个帖子
2025-04-04 23:37:27: 目前是第138页的第14个帖子
2025-04-04 23:38:45: 目前是第138页的第15个帖子
2025-04-04 23:40:35: 目前是第138页的第16个帖子
2025-04-04 23:41:44: 目前是第138页的第17个帖子
2025-04-04 23:42:53: 目前是第138页的第18个帖子
2025-04-04 23:49:07: 目前是第138页的第19个帖子
2025-04-04 23:50:18: 目前是第138页的第20个帖子
2025-04-04 23:51:26: 目前是第138页的第21个帖子
2025-04-04 23:52:44: 目前是第138页的第22个帖子
2025-04-04 23:54:07: 目前是第138页的第23个帖子
2025-04-04 23:55:22: 目前是第138页的第24个帖子
2025-04-04 23:57:24: 目前是第138页的第25个帖子
2025-04-04 23:58:56: 目前是第139页的第1个帖子
2025-04-05 00:01:22: 目前是第139页的第2个帖子
2025-04-05 00:02:34: 目前是第139页的第3个帖子
2025-04-05 00:03:42: 目前是第139页的第4个帖子
2025-04-05 00:04:54: 目前是第139页的第5个帖子
2025-04-05 00:06:02: 目前是第139页的第6个帖子
2025-04-05 00:07:21: 目前是第139页的第7个帖子
2025-04-05 00:08:29: 目前是第139页的第8个帖子
2025-04-05 00:09:35: 目前是第139页的第9个帖子
2025-04-05 00:10:50: 目前是第139页的第10个帖子
2025-04-05 00:12:00: 目前是第139页的第11个帖子
2025-04-05 00:13:28: 目前是第139页的第12个帖子
2025-04-05 00:14:39: 目前是第139页的第13个帖子
2025-04-05 00:15:53: 目前是第139页的第14个帖子
2025-04-05 00:17:18: 目前是第139页的第15个帖子
2025-04-05 00:18:34: 目前是第139页的第16个帖子
2025-04-05 00:20:15: 目前是第139页的第17个帖子
2025-04-05 00:21:27: 目前是第139页的第18个帖子
2025-04-05 00:22:40: 目前是第139页的第19个帖子
2025-04-05 00:23:57: 目前是第139页的第20个帖子
2025-04-05 00:27:01: 目前是第139页的第21个帖子
2025-04-05 00:29:55: 目前是第139页的第22个帖子
2025-04-05 00:31:07: 目前是第139页的第23个帖子
2025-04-05 00:32:12: 目前是第139页的第24个帖子
2025-04-05 00:33:38: 目前是第139页的第25个帖子
2025-04-05 00:35:42: 目前是第140页的第1个帖子
2025-04-05 00:36:51: 目前是第140页的第2个帖子
2025-04-05 00:38:01: 目前是第140页的第3个帖子
2025-04-05 00:39:19: 目前是第140页的第4个帖子
2025-04-05 00:40:25: 目前是第140页的第5个帖子
2025-04-05 00:41:33: 目前是第140页的第6个帖子
2025-04-05 00:42:47: 目前是第140页的第7个帖子
2025-04-05 00:44:17: 目前是第140页的第8个帖子
2025-04-05 00:45:57: 目前是第140页的第9个帖子
2025-04-05 00:47:02: 目前是第140页的第10个帖子
2025-04-05 00:48:13: 目前是第140页的第11个帖子
2025-04-05 00:49:34: 目前是第140页的第12个帖子
2025-04-05 00:50:44: 目前是第140页的第13个帖子
2025-04-05 00:51:55: 目前是第140页的第14个帖子
2025-04-05 00:53:24: 目前是第140页的第15个帖子
2025-04-05 00:54:34: 目前是第140页的第16个帖子
2025-04-05 00:55:43: 目前是第140页的第17个帖子
2025-04-05 00:56:53: 目前是第140页的第18个帖子
2025-04-05 00:58:00: 目前是第140页的第19个帖子
2025-04-05 00:59:17: 目前是第140页的第20个帖子
2025-04-05 01:00:29: 目前是第140页的第21个帖子
2025-04-05 01:02:21: 目前是第140页的第22个帖子
2025-04-05 01:03:35: 目前是第140页的第23个帖子
2025-04-05 01:04:54: 目前是第140页的第24个帖子
2025-04-05 01:06:04: 目前是第140页的第25个帖子
2025-04-05 01:07:33: 目前是第141页的第1个帖子
2025-04-05 01:08:42: 目前是第141页的第2个帖子
2025-04-05 01:11:02: 目前是第141页的第3个帖子
2025-04-05 01:12:10: 目前是第141页的第4个帖子
2025-04-05 01:13:19: 目前是第141页的第5个帖子
2025-04-05 01:14:34: 目前是第141页的第6个帖子
2025-04-05 01:15:49: 目前是第141页的第7个帖子
2025-04-05 01:17:04: 目前是第141页的第8个帖子
2025-04-05 01:18:14: 目前是第141页的第9个帖子
2025-04-05 01:19:57: 目前是第141页的第10个帖子
2025-04-05 01:21:04: 目前是第141页的第11个帖子
2025-04-05 01:22:16: 目前是第141页的第12个帖子
2025-04-05 01:24:05: 目前是第141页的第13个帖子
2025-04-05 01:25:37: 目前是第141页的第14个帖子
2025-04-05 01:26:50: 目前是第141页的第15个帖子
2025-04-05 01:27:57: 目前是第141页的第16个帖子
2025-04-05 01:39:16: 目前是第141页的第17个帖子
2025-04-05 01:40:25: 目前是第141页的第18个帖子
2025-04-05 01:41:36: 目前是第141页的第19个帖子
2025-04-05 01:42:47: 目前是第141页的第20个帖子
2025-04-05 01:43:56: 目前是第141页的第21个帖子
2025-04-05 01:45:13: 目前是第141页的第22个帖子
2025-04-05 01:46:22: 目前是第141页的第23个帖子
2025-04-05 01:50:54: 目前是第141页的第24个帖子
2025-04-05 01:52:02: 目前是第141页的第25个帖子
2025-04-05 01:53:33: 目前是第142页的第1个帖子
2025-04-05 02:01:40: 目前是第142页的第2个帖子
2025-04-05 02:02:49: 目前是第142页的第3个帖子
2025-04-05 02:04:12: 目前是第142页的第4个帖子
2025-04-05 02:05:21: 目前是第142页的第5个帖子
2025-04-05 02:06:28: 目前是第142页的第6个帖子
2025-04-05 02:08:12: 目前是第142页的第7个帖子
2025-04-05 02:09:19: 目前是第142页的第8个帖子
2025-04-05 02:10:31: 目前是第142页的第9个帖子
2025-04-05 02:12:01: 目前是第142页的第10个帖子
2025-04-05 02:13:19: 目前是第142页的第11个帖子
2025-04-05 02:14:44: 目前是第142页的第12个帖子
2025-04-05 02:15:54: 目前是第142页的第13个帖子
2025-04-05 02:16:14: 目前是第142页的第14个帖子
2025-04-05 02:16:34: 目前是第142页的第15个帖子
2025-04-05 02:16:54: 目前是第142页的第16个帖子
2025-04-05 02:17:15: 目前是第142页的第17个帖子
2025-04-05 02:17:35: 目前是第142页的第18个帖子
2025-04-05 02:17:55: 目前是第142页的第19个帖子
2025-04-05 02:18:15: 目前是第142页的第20个帖子
2025-04-05 02:18:35: 目前是第142页的第21个帖子
2025-04-05 02:18:55: 目前是第142页的第22个帖子
2025-04-05 02:19:15: 目前是第142页的第23个帖子
2025-04-05 02:19:35: 目前是第142页的第24个帖子
2025-04-05 02:19:56: 目前是第142页的第25个帖子
在2025-04-05 02:20:26时刻: 已有47084条数据
